[ 2016-07-15T00:02:38+08:00 ] 66.249.79.214 /robots.txt
INFO: [ app_init ] --START--
INFO: Run Behavior\BuildLiteBehavior [ RunTime:0.000044s ]
INFO: [ app_init ] --END-- [ RunTime:0.000328s ]
NOTIC: [2] preg_match(): No ending delimiter '/' found /home/wwwroot/cpa88.com/ThinkPHP/Library/Think/Route.class.php 第 58 行.
NOTIC: [2] preg_match(): No ending delimiter '/' found /home/wwwroot/cpa88.com/ThinkPHP/Library/Think/Route.class.php 第 58 行.
INFO: [ app_begin ] --START--
NOTIC: [2] filemtime(): stat failed for ./Application/Home/View/Robots.txt/index.html /home/wwwroot/cpa88.com/ThinkPHP/Library/Behavior/ReadHtmlCacheBehavior.class.php 第 104 行.
INFO: Run Behavior\ReadHtmlCacheBehavior [ RunTime:0.001642s ]
INFO: Run Behavior\CheckLangBehavior [ RunTime:0.000230s ]
INFO: [ app_begin ] --END-- [ RunTime:0.002170s ]
INFO: [ view_parse ] --START--
INFO: [ template_filter ] --START--
INFO: Run Behavior\ContentReplaceBehavior [ RunTime:0.000110s ]
INFO: [ template_filter ] --END-- [ RunTime:0.000212s ]
INFO: Run Behavior\ParseTemplateBehavior [ RunTime:0.005579s ]
INFO: [ view_parse ] --END-- [ RunTime:0.005668s ]
INFO: [ view_filter ] --START--
INFO: Run Behavior\WriteHtmlCacheBehavior [ RunTime:0.000525s ]
INFO: [ view_filter ] --END-- [ RunTime:0.000621s ]
INFO: [ app_end ] --START--
INFO: Run Behavior\ShowPageTraceBehavior [ RunTime:0.000204s ]
INFO: [ app_end ] --END-- [ RunTime:0.000271s ]

[ 2016-07-15T00:02:40+08:00 ] 66.249.79.207 /pro_details/5.html
INFO: [ app_init ] --START--
INFO: Run Behavior\BuildLiteBehavior [ RunTime:0.000024s ]
INFO: [ app_init ] --END-- [ RunTime:0.000147s ]
NOTIC: [2] preg_match(): No ending delimiter '/' found /home/wwwroot/cpa88.com/ThinkPHP/Library/Think/Route.class.php 第 58 行.
NOTIC: [2] preg_match(): No ending delimiter '/' found /home/wwwroot/cpa88.com/ThinkPHP/Library/Think/Route.class.php 第 58 行.
INFO: [ app_begin ] --START--
INFO: Run Behavior\ReadHtmlCacheBehavior [ RunTime:0.000842s ]
INFO: Run Behavior\CheckLangBehavior [ RunTime:0.000084s ]
INFO: [ app_begin ] --END-- [ RunTime:0.001012s ]
SQL: SHOW COLUMNS FROM `think_product` [ RunTime:0.0037s ]
SQL: SELECT `id`,`title`,`desc`,`image`,`content`,`type`,`attr`,`price`,`com`,`balance_time`,`service`,`create_time` FROM `think_product` WHERE `id` = 5 LIMIT 1   [ RunTime:0.0006s ]
SQL: SHOW COLUMNS FROM `think_kefu` [ RunTime:0.0008s ]
SQL: SELECT * FROM `think_kefu` WHERE ( status=0 )  [ RunTime:0.0003s ]
INFO: [ view_parse ] --START--
INFO: [ template_filter ] --START--
INFO: Run Behavior\ContentReplaceBehavior [ RunTime:0.000222s ]
INFO: [ template_filter ] --END-- [ RunTime:0.000317s ]
NOTIC: [8] Undefined index: p /home/wwwroot/cpa88.com/Application/Runtime/Cache/Home/c0e5e04525859b98127e0609ff818963.php 第 13 行.
NOTIC: [8] Undefined index: t /home/wwwroot/cpa88.com/Application/Runtime/Cache/Home/c0e5e04525859b98127e0609ff818963.php 第 51 行.
NOTIC: [8] Undefined index: t /home/wwwroot/cpa88.com/Application/Runtime/Cache/Home/c0e5e04525859b98127e0609ff818963.php 第 52 行.
NOTIC: [8] Undefined index: tt /home/wwwroot/cpa88.com/Application/Runtime/Cache/Home/c0e5e04525859b98127e0609ff818963.php 第 56 行.
NOTIC: [8] Undefined index: tt /home/wwwroot/cpa88.com/Application/Runtime/Cache/Home/c0e5e04525859b98127e0609ff818963.php 第 57 行.
NOTIC: [8] Undefined index: tt /home/wwwroot/cpa88.com/Application/Runtime/Cache/Home/c0e5e04525859b98127e0609ff818963.php 第 58 行.
NOTIC: [8] Undefined index: tt /home/wwwroot/cpa88.com/Application/Runtime/Cache/Home/c0e5e04525859b98127e0609ff818963.php 第 59 行.
NOTIC: [8] Undefined index: tt /home/wwwroot/cpa88.com/Application/Runtime/Cache/Home/c0e5e04525859b98127e0609ff818963.php 第 60 行.
INFO: Run Behavior\ParseTemplateBehavior [ RunTime:0.019394s ]
INFO: [ view_parse ] --END-- [ RunTime:0.019468s ]
INFO: [ view_filter ] --START--
INFO: Run Behavior\WriteHtmlCacheBehavior [ RunTime:0.000738s ]
INFO: [ view_filter ] --END-- [ RunTime:0.000799s ]
INFO: [ app_end ] --START--
INFO: Run Behavior\ShowPageTraceBehavior [ RunTime:0.000171s ]
INFO: [ app_end ] --END-- [ RunTime:0.000234s ]

[ 2016-07-15T01:29:44+08:00 ] 66.249.79.207 /pro_details/11.html
INFO: [ app_init ] --START--
INFO: Run Behavior\BuildLiteBehavior [ RunTime:0.000028s ]
INFO: [ app_init ] --END-- [ RunTime:0.000210s ]
NOTIC: [2] preg_match(): No ending delimiter '/' found /home/wwwroot/cpa88.com/ThinkPHP/Library/Think/Route.class.php 第 58 行.
NOTIC: [2] preg_match(): No ending delimiter '/' found /home/wwwroot/cpa88.com/ThinkPHP/Library/Think/Route.class.php 第 58 行.
INFO: [ app_begin ] --START--
INFO: Run Behavior\ReadHtmlCacheBehavior [ RunTime:0.001829s ]
INFO: Run Behavior\CheckLangBehavior [ RunTime:0.000147s ]
INFO: [ app_begin ] --END-- [ RunTime:0.002057s ]
SQL: SHOW COLUMNS FROM `think_product` [ RunTime:0.0035s ]
SQL: SELECT `id`,`title`,`desc`,`image`,`content`,`type`,`attr`,`price`,`com`,`balance_time`,`service`,`create_time` FROM `think_product` WHERE `id` = 11 LIMIT 1   [ RunTime:0.0009s ]
SQL: SHOW COLUMNS FROM `think_kefu` [ RunTime:0.0010s ]
SQL: SELECT * FROM `think_kefu` WHERE ( status=0 )  [ RunTime:0.0004s ]
INFO: [ view_parse ] --START--
INFO: [ template_filter ] --START--
INFO: Run Behavior\ContentReplaceBehavior [ RunTime:0.000187s ]
INFO: [ template_filter ] --END-- [ RunTime:0.000268s ]
NOTIC: [8] Undefined index: p /home/wwwroot/cpa88.com/Application/Runtime/Cache/Home/c0e5e04525859b98127e0609ff818963.php 第 13 行.
NOTIC: [8] Undefined index: t /home/wwwroot/cpa88.com/Application/Runtime/Cache/Home/c0e5e04525859b98127e0609ff818963.php 第 51 行.
NOTIC: [8] Undefined index: t /home/wwwroot/cpa88.com/Application/Runtime/Cache/Home/c0e5e04525859b98127e0609ff818963.php 第 52 行.
NOTIC: [8] Undefined index: tt /home/wwwroot/cpa88.com/Application/Runtime/Cache/Home/c0e5e04525859b98127e0609ff818963.php 第 56 行.
NOTIC: [8] Undefined index: tt /home/wwwroot/cpa88.com/Application/Runtime/Cache/Home/c0e5e04525859b98127e0609ff818963.php 第 57 行.
NOTIC: [8] Undefined index: tt /home/wwwroot/cpa88.com/Application/Runtime/Cache/Home/c0e5e04525859b98127e0609ff818963.php 第 58 行.
NOTIC: [8] Undefined index: tt /home/wwwroot/cpa88.com/Application/Runtime/Cache/Home/c0e5e04525859b98127e0609ff818963.php 第 59 行.
NOTIC: [8] Undefined index: tt /home/wwwroot/cpa88.com/Application/Runtime/Cache/Home/c0e5e04525859b98127e0609ff818963.php 第 60 行.
INFO: Run Behavior\ParseTemplateBehavior [ RunTime:0.017281s ]
INFO: [ view_parse ] --END-- [ RunTime:0.017365s ]
INFO: [ view_filter ] --START--
INFO: Run Behavior\WriteHtmlCacheBehavior [ RunTime:0.000571s ]
INFO: [ view_filter ] --END-- [ RunTime:0.000623s ]
INFO: [ app_end ] --START--
INFO: Run Behavior\ShowPageTraceBehavior [ RunTime:0.000757s ]
INFO: [ app_end ] --END-- [ RunTime:0.000850s ]

[ 2016-07-15T01:55:41+08:00 ] 178.63.13.15 /robots.txt
INFO: [ app_init ] --START--
INFO: Run Behavior\BuildLiteBehavior [ RunTime:0.000281s ]
INFO: [ app_init ] --END-- [ RunTime:0.000683s ]
NOTIC: [2] preg_match(): No ending delimiter '/' found /home/wwwroot/cpa88.com/ThinkPHP/Library/Think/Route.class.php 第 58 行.
NOTIC: [2] preg_match(): No ending delimiter '/' found /home/wwwroot/cpa88.com/ThinkPHP/Library/Think/Route.class.php 第 58 行.
INFO: [ app_begin ] --START--
NOTIC: [2] filemtime(): stat failed for ./Application/Home/View/Robots.txt/index.html /home/wwwroot/cpa88.com/ThinkPHP/Library/Behavior/ReadHtmlCacheBehavior.class.php 第 104 行.
INFO: Run Behavior\ReadHtmlCacheBehavior [ RunTime:0.001351s ]
INFO: Run Behavior\CheckLangBehavior [ RunTime:0.000170s ]
INFO: [ app_begin ] --END-- [ RunTime:0.001711s ]
INFO: [ view_parse ] --START--
INFO: [ template_filter ] --START--
INFO: Run Behavior\ContentReplaceBehavior [ RunTime:0.000085s ]
INFO: [ template_filter ] --END-- [ RunTime:0.000229s ]
INFO: Run Behavior\ParseTemplateBehavior [ RunTime:0.005215s ]
INFO: [ view_parse ] --END-- [ RunTime:0.005308s ]
INFO: [ view_filter ] --START--
INFO: Run Behavior\WriteHtmlCacheBehavior [ RunTime:0.000563s ]
INFO: [ view_filter ] --END-- [ RunTime:0.000643s ]
INFO: [ app_end ] --START--
INFO: Run Behavior\ShowPageTraceBehavior [ RunTime:0.000213s ]
INFO: [ app_end ] --END-- [ RunTime:0.000270s ]

[ 2016-07-15T01:55:45+08:00 ] 178.63.13.15 /News.asp?id=&PageNo=1
INFO: [ app_init ] --START--
INFO: Run Behavior\BuildLiteBehavior [ RunTime:0.000052s ]
INFO: [ app_init ] --END-- [ RunTime:0.000366s ]
NOTIC: [2] preg_match(): No ending delimiter '/' found /home/wwwroot/cpa88.com/ThinkPHP/Library/Think/Route.class.php 第 58 行.
NOTIC: [2] preg_match(): No ending delimiter '/' found /home/wwwroot/cpa88.com/ThinkPHP/Library/Think/Route.class.php 第 58 行.
INFO: [ app_begin ] --START--
NOTIC: [2] filemtime(): stat failed for ./Application/Home/View/News.asp/index.html /home/wwwroot/cpa88.com/ThinkPHP/Library/Behavior/ReadHtmlCacheBehavior.class.php 第 104 行.
INFO: Run Behavior\ReadHtmlCacheBehavior [ RunTime:0.001853s ]
INFO: Run Behavior\CheckLangBehavior [ RunTime:0.000201s ]
INFO: [ app_begin ] --END-- [ RunTime:0.002224s ]
INFO: [ view_parse ] --START--
INFO: [ template_filter ] --START--
INFO: Run Behavior\ContentReplaceBehavior [ RunTime:0.000118s ]
INFO: [ template_filter ] --END-- [ RunTime:0.000249s ]
INFO: Run Behavior\ParseTemplateBehavior [ RunTime:0.007124s ]
INFO: [ view_parse ] --END-- [ RunTime:0.007253s ]
INFO: [ view_filter ] --START--
INFO: Run Behavior\WriteHtmlCacheBehavior [ RunTime:0.000780s ]
INFO: [ view_filter ] --END-- [ RunTime:0.000869s ]
INFO: [ app_end ] --START--
INFO: Run Behavior\ShowPageTraceBehavior [ RunTime:0.001490s ]
INFO: [ app_end ] --END-- [ RunTime:0.001583s ]

[ 2016-07-15T01:55:50+08:00 ] 178.63.13.15 /robots.txt
INFO: [ app_init ] --START--
INFO: Run Behavior\BuildLiteBehavior [ RunTime:0.000046s ]
INFO: [ app_init ] --END-- [ RunTime:0.000313s ]
NOTIC: [2] preg_match(): No ending delimiter '/' found /home/wwwroot/cpa88.com/ThinkPHP/Library/Think/Route.class.php 第 58 行.
NOTIC: [2] preg_match(): No ending delimiter '/' found /home/wwwroot/cpa88.com/ThinkPHP/Library/Think/Route.class.php 第 58 行.
INFO: [ app_begin ] --START--
NOTIC: [2] filemtime(): stat failed for ./Application/Home/View/Robots.txt/index.html /home/wwwroot/cpa88.com/ThinkPHP/Library/Behavior/ReadHtmlCacheBehavior.class.php 第 104 行.

[ 2016-07-15T01:55:50+08:00 ] 178.63.13.15 /robots.txt
INFO: [ app_init ] --START--
INFO: Run Behavior\BuildLiteBehavior [ RunTime:0.000033s ]
INFO: [ app_init ] --END-- [ RunTime:0.000172s ]
NOTIC: [2] preg_match(): No ending delimiter '/' found /home/wwwroot/cpa88.com/ThinkPHP/Library/Think/Route.class.php 第 58 行.
NOTIC: [2] preg_match(): No ending delimiter '/' found /home/wwwroot/cpa88.com/ThinkPHP/Library/Think/Route.class.php 第 58 行.
INFO: [ app_begin ] --START--
NOTIC: [2] filemtime(): stat failed for ./Application/Home/View/Robots.txt/index.html /home/wwwroot/cpa88.com/ThinkPHP/Library/Behavior/ReadHtmlCacheBehavior.class.php 第 104 行.

[ 2016-07-15T01:55:52+08:00 ] 178.63.13.15 /News.asp?id=&PageNo=1
INFO: [ app_init ] --START--
INFO: Run Behavior\BuildLiteBehavior [ RunTime:0.000033s ]
INFO: [ app_init ] --END-- [ RunTime:0.000184s ]
NOTIC: [2] preg_match(): No ending delimiter '/' found /home/wwwroot/cpa88.com/ThinkPHP/Library/Think/Route.class.php 第 58 行.
NOTIC: [2] preg_match(): No ending delimiter '/' found /home/wwwroot/cpa88.com/ThinkPHP/Library/Think/Route.class.php 第 58 行.
INFO: [ app_begin ] --START--
NOTIC: [2] filemtime(): stat failed for ./Application/Home/View/News.asp/index.html /home/wwwroot/cpa88.com/ThinkPHP/Library/Behavior/ReadHtmlCacheBehavior.class.php 第 104 行.

[ 2016-07-15T01:55:52+08:00 ] 178.63.13.15 /new_detail.asp?id=642
INFO: [ app_init ] --START--
INFO: Run Behavior\BuildLiteBehavior [ RunTime:0.000051s ]
INFO: [ app_init ] --END-- [ RunTime:0.000227s ]
NOTIC: [2] preg_match(): No ending delimiter '/' found /home/wwwroot/cpa88.com/ThinkPHP/Library/Think/Route.class.php 第 58 行.
NOTIC: [2] preg_match(): No ending delimiter '/' found /home/wwwroot/cpa88.com/ThinkPHP/Library/Think/Route.class.php 第 58 行.
INFO: [ app_begin ] --START--
NOTIC: [2] filemtime(): stat failed for ./Application/Home/View/New_detail.asp/index.html /home/wwwroot/cpa88.com/ThinkPHP/Library/Behavior/ReadHtmlCacheBehavior.class.php 第 104 行.
INFO: Run Behavior\ReadHtmlCacheBehavior [ RunTime:0.001594s ]
INFO: Run Behavior\CheckLangBehavior [ RunTime:0.000134s ]
INFO: [ app_begin ] --END-- [ RunTime:0.001836s ]
INFO: [ view_parse ] --START--
INFO: [ template_filter ] --START--
INFO: Run Behavior\ContentReplaceBehavior [ RunTime:0.000064s ]
INFO: [ template_filter ] --END-- [ RunTime:0.000144s ]
INFO: Run Behavior\ParseTemplateBehavior [ RunTime:0.004311s ]
INFO: [ view_parse ] --END-- [ RunTime:0.004408s ]
INFO: [ view_filter ] --START--
INFO: Run Behavior\WriteHtmlCacheBehavior [ RunTime:0.000723s ]
INFO: [ view_filter ] --END-- [ RunTime:0.000808s ]
INFO: [ app_end ] --START--
INFO: Run Behavior\ShowPageTraceBehavior [ RunTime:0.000198s ]
INFO: [ app_end ] --END-- [ RunTime:0.000288s ]

[ 2016-07-15T01:55:55+08:00 ] 178.63.13.15 /robots.txt
INFO: [ app_init ] --START--
INFO: Run Behavior\BuildLiteBehavior [ RunTime:0.000048s ]
INFO: [ app_init ] --END-- [ RunTime:0.000268s ]
NOTIC: [2] preg_match(): No ending delimiter '/' found /home/wwwroot/cpa88.com/ThinkPHP/Library/Think/Route.class.php 第 58 行.
NOTIC: [2] preg_match(): No ending delimiter '/' found /home/wwwroot/cpa88.com/ThinkPHP/Library/Think/Route.class.php 第 58 行.
INFO: [ app_begin ] --START--
NOTIC: [2] filemtime(): stat failed for ./Application/Home/View/Robots.txt/index.html /home/wwwroot/cpa88.com/ThinkPHP/Library/Behavior/ReadHtmlCacheBehavior.class.php 第 104 行.

[ 2016-07-15T01:55:57+08:00 ] 178.63.13.15 /new_detail.asp?id=646
INFO: [ app_init ] --START--
INFO: Run Behavior\BuildLiteBehavior [ RunTime:0.000039s ]
INFO: [ app_init ] --END-- [ RunTime:0.000268s ]
NOTIC: [2] preg_match(): No ending delimiter '/' found /home/wwwroot/cpa88.com/ThinkPHP/Library/Think/Route.class.php 第 58 行.
NOTIC: [2] preg_match(): No ending delimiter '/' found /home/wwwroot/cpa88.com/ThinkPHP/Library/Think/Route.class.php 第 58 行.
INFO: [ app_begin ] --START--
NOTIC: [2] filemtime(): stat failed for ./Application/Home/View/New_detail.asp/index.html /home/wwwroot/cpa88.com/ThinkPHP/Library/Behavior/ReadHtmlCacheBehavior.class.php 第 104 行.
INFO: Run Behavior\ReadHtmlCacheBehavior [ RunTime:0.001541s ]
INFO: Run Behavior\CheckLangBehavior [ RunTime:0.000288s ]
INFO: [ app_begin ] --END-- [ RunTime:0.001996s ]
INFO: [ view_parse ] --START--
INFO: [ template_filter ] --START--
INFO: Run Behavior\ContentReplaceBehavior [ RunTime:0.000139s ]
INFO: [ template_filter ] --END-- [ RunTime:0.000296s ]
INFO: Run Behavior\ParseTemplateBehavior [ RunTime:0.007465s ]
INFO: [ view_parse ] --END-- [ RunTime:0.007602s ]
INFO: [ view_filter ] --START--
INFO: Run Behavior\WriteHtmlCacheBehavior [ RunTime:0.000796s ]
INFO: [ view_filter ] --END-- [ RunTime:0.000899s ]
INFO: [ app_end ] --START--
INFO: Run Behavior\ShowPageTraceBehavior [ RunTime:0.000240s ]
INFO: [ app_end ] --END-- [ RunTime:0.000350s ]

[ 2016-07-15T01:55:58+08:00 ] 178.63.13.15 /new_detail.asp?id=642
INFO: [ app_init ] --START--
INFO: Run Behavior\BuildLiteBehavior [ RunTime:0.000020s ]
INFO: [ app_init ] --END-- [ RunTime:0.000139s ]
NOTIC: [2] preg_match(): No ending delimiter '/' found /home/wwwroot/cpa88.com/ThinkPHP/Library/Think/Route.class.php 第 58 行.
NOTIC: [2] preg_match(): No ending delimiter '/' found /home/wwwroot/cpa88.com/ThinkPHP/Library/Think/Route.class.php 第 58 行.
INFO: [ app_begin ] --START--
NOTIC: [2] filemtime(): stat failed for ./Application/Home/View/New_detail.asp/index.html /home/wwwroot/cpa88.com/ThinkPHP/Library/Behavior/ReadHtmlCacheBehavior.class.php 第 104 行.

[ 2016-07-15T01:56:01+08:00 ] 178.63.13.15 /new_detail.asp?sid=141&id=668
INFO: [ app_init ] --START--
INFO: Run Behavior\BuildLiteBehavior [ RunTime:0.000040s ]
INFO: [ app_init ] --END-- [ RunTime:0.000304s ]
NOTIC: [2] preg_match(): No ending delimiter '/' found /home/wwwroot/cpa88.com/ThinkPHP/Library/Think/Route.class.php 第 58 行.
NOTIC: [2] preg_match(): No ending delimiter '/' found /home/wwwroot/cpa88.com/ThinkPHP/Library/Think/Route.class.php 第 58 行.
INFO: [ app_begin ] --START--
NOTIC: [2] filemtime(): stat failed for ./Application/Home/View/New_detail.asp/index.html /home/wwwroot/cpa88.com/ThinkPHP/Library/Behavior/ReadHtmlCacheBehavior.class.php 第 104 行.
INFO: Run Behavior\ReadHtmlCacheBehavior [ RunTime:0.001364s ]
INFO: Run Behavior\CheckLangBehavior [ RunTime:0.000140s ]
INFO: [ app_begin ] --END-- [ RunTime:0.001600s ]
INFO: [ view_parse ] --START--
INFO: [ template_filter ] --START--
INFO: Run Behavior\ContentReplaceBehavior [ RunTime:0.000083s ]
INFO: [ template_filter ] --END-- [ RunTime:0.000168s ]
INFO: Run Behavior\ParseTemplateBehavior [ RunTime:0.005023s ]
INFO: [ view_parse ] --END-- [ RunTime:0.005133s ]
INFO: [ view_filter ] --START--
INFO: Run Behavior\WriteHtmlCacheBehavior [ RunTime:0.000470s ]
INFO: [ view_filter ] --END-- [ RunTime:0.000530s ]
INFO: [ app_end ] --START--
INFO: Run Behavior\ShowPageTraceBehavior [ RunTime:0.000183s ]
INFO: [ app_end ] --END-- [ RunTime:0.000286s ]

[ 2016-07-15T01:56:01+08:00 ] 178.63.13.15 /new_detail.asp?id=646
INFO: [ app_init ] --START--
INFO: Run Behavior\BuildLiteBehavior [ RunTime:0.000027s ]
INFO: [ app_init ] --END-- [ RunTime:0.000162s ]
NOTIC: [2] preg_match(): No ending delimiter '/' found /home/wwwroot/cpa88.com/ThinkPHP/Library/Think/Route.class.php 第 58 行.
NOTIC: [2] preg_match(): No ending delimiter '/' found /home/wwwroot/cpa88.com/ThinkPHP/Library/Think/Route.class.php 第 58 行.
INFO: [ app_begin ] --START--
NOTIC: [2] filemtime(): stat failed for ./Application/Home/View/New_detail.asp/index.html /home/wwwroot/cpa88.com/ThinkPHP/Library/Behavior/ReadHtmlCacheBehavior.class.php 第 104 行.

[ 2016-07-15T01:56:03+08:00 ] 178.63.13.15 /new_detail.asp?sid=141&id=668
INFO: [ app_init ] --START--
INFO: Run Behavior\BuildLiteBehavior [ RunTime:0.000043s ]
INFO: [ app_init ] --END-- [ RunTime:0.000236s ]
NOTIC: [2] preg_match(): No ending delimiter '/' found /home/wwwroot/cpa88.com/ThinkPHP/Library/Think/Route.class.php 第 58 行.
NOTIC: [2] preg_match(): No ending delimiter '/' found /home/wwwroot/cpa88.com/ThinkPHP/Library/Think/Route.class.php 第 58 行.
INFO: [ app_begin ] --START--
NOTIC: [2] filemtime(): stat failed for ./Application/Home/View/New_detail.asp/index.html /home/wwwroot/cpa88.com/ThinkPHP/Library/Behavior/ReadHtmlCacheBehavior.class.php 第 104 行.

[ 2016-07-15T02:25:03+08:00 ] 217.69.133.2 /new_detail.asp?id=684&sid=141
INFO: [ app_init ] --START--
INFO: Run Behavior\BuildLiteBehavior [ RunTime:0.000041s ]
INFO: [ app_init ] --END-- [ RunTime:0.000291s ]
NOTIC: [2] preg_match(): No ending delimiter '/' found /home/wwwroot/cpa88.com/ThinkPHP/Library/Think/Route.class.php 第 58 行.
NOTIC: [2] preg_match(): No ending delimiter '/' found /home/wwwroot/cpa88.com/ThinkPHP/Library/Think/Route.class.php 第 58 行.
INFO: [ app_begin ] --START--
NOTIC: [2] filemtime(): stat failed for ./Application/Home/View/New_detail.asp/index.html /home/wwwroot/cpa88.com/ThinkPHP/Library/Behavior/ReadHtmlCacheBehavior.class.php 第 104 行.
INFO: Run Behavior\ReadHtmlCacheBehavior [ RunTime:0.001477s ]
INFO: Run Behavior\CheckLangBehavior [ RunTime:0.000219s ]
INFO: [ app_begin ] --END-- [ RunTime:0.001864s ]
INFO: [ view_parse ] --START--
INFO: [ template_filter ] --START--
INFO: Run Behavior\ContentReplaceBehavior [ RunTime:0.000085s ]
INFO: [ template_filter ] --END-- [ RunTime:0.000161s ]
INFO: Run Behavior\ParseTemplateBehavior [ RunTime:0.004527s ]
INFO: [ view_parse ] --END-- [ RunTime:0.004643s ]
INFO: [ view_filter ] --START--
INFO: Run Behavior\WriteHtmlCacheBehavior [ RunTime:0.000592s ]
INFO: [ view_filter ] --END-- [ RunTime:0.000654s ]
INFO: [ app_end ] --START--
INFO: Run Behavior\ShowPageTraceBehavior [ RunTime:0.000212s ]
INFO: [ app_end ] --END-- [ RunTime:0.000268s ]

[ 2016-07-15T02:40:52+08:00 ] 66.249.79.207 /notices/9.html
INFO: [ app_init ] --START--
INFO: Run Behavior\BuildLiteBehavior [ RunTime:0.000030s ]
INFO: [ app_init ] --END-- [ RunTime:0.000223s ]
NOTIC: [2] preg_match(): No ending delimiter '/' found /home/wwwroot/cpa88.com/ThinkPHP/Library/Think/Route.class.php 第 58 行.
INFO: [ app_begin ] --START--
INFO: Run Behavior\ReadHtmlCacheBehavior [ RunTime:0.001286s ]
INFO: Run Behavior\CheckLangBehavior [ RunTime:0.000149s ]
INFO: [ app_begin ] --END-- [ RunTime:0.001550s ]
SQL: SHOW COLUMNS FROM `think_article` [ RunTime:0.0047s ]
SQL: SELECT * FROM `think_article` WHERE `id` = 9 LIMIT 1   [ RunTime:0.0006s ]
SQL: UPDATE `think_article` SET `hits`='102' WHERE `id` = 9 [ RunTime:0.0011s ]
SQL: SHOW COLUMNS FROM `think_article` [ RunTime:0.0014s ]
SQL: SHOW COLUMNS FROM `think_article` [ RunTime:0.0013s ]
SQL: SELECT * FROM `think_article` WHERE `id` > '9' AND `cid` = 6 ORDER BY id asc LIMIT 1   [ RunTime:0.0005s ]
SQL: SELECT * FROM `think_article` WHERE `id` < '9' AND `cid` = 6 ORDER BY id desc LIMIT 1   [ RunTime:0.0005s ]
INFO: [ view_parse ] --START--
NOTIC: [8] Undefined index: where /home/wwwroot/cpa88.com/ThinkPHP/Library/Think/Template/TagLib/TagLibCustom.class.php 第 1030 行.
NOTIC: [8] Undefined index: attr /home/wwwroot/cpa88.com/ThinkPHP/Library/Think/Template/TagLib/TagLibCustom.class.php 第 1058 行.
NOTIC: [8] Undefined index: order /home/wwwroot/cpa88.com/ThinkPHP/Library/Think/Template/TagLib/TagLibCustom.class.php 第 69 行.
INFO: [ template_filter ] --START--
INFO: Run Behavior\ContentReplaceBehavior [ RunTime:0.000178s ]
INFO: [ template_filter ] --END-- [ RunTime:0.000242s ]
NOTIC: [8] Undefined index: p /home/wwwroot/cpa88.com/Application/Runtime/Cache/Home/8318e8ffd3a13f47c6a642fb7d7f83e2.php 第 13 行.
NOTIC: [8] Use of undefined constant Think - assumed 'Think' /home/wwwroot/cpa88.com/Application/Runtime/Cache/Home/8318e8ffd3a13f47c6a642fb7d7f83e2.php 第 49 行.
NOTIC: [8] Use of undefined constant get - assumed 'get' /home/wwwroot/cpa88.com/Application/Runtime/Cache/Home/8318e8ffd3a13f47c6a642fb7d7f83e2.php 第 49 行.
NOTIC: [8] Use of undefined constant cid - assumed 'cid' /home/wwwroot/cpa88.com/Application/Runtime/Cache/Home/8318e8ffd3a13f47c6a642fb7d7f83e2.php 第 49 行.
NOTIC: [8] Undefined index: cid /home/wwwroot/cpa88.com/Application/Runtime/Cache/Home/8318e8ffd3a13f47c6a642fb7d7f83e2.php 第 50 行.
NOTIC: [8] Undefined index: cid /home/wwwroot/cpa88.com/Application/Runtime/Cache/Home/8318e8ffd3a13f47c6a642fb7d7f83e2.php 第 51 行.
NOTIC: [8] Undefined index: cid /home/wwwroot/cpa88.com/Application/Runtime/Cache/Home/8318e8ffd3a13f47c6a642fb7d7f83e2.php 第 52 行.
SQL: SHOW COLUMNS FROM `think_advert` [ RunTime:0.0015s ]
SQL: SELECT * FROM `think_advert` WHERE ( status=0 ) LIMIT 5   [ RunTime:0.0003s ]
SQL: SHOW COLUMNS FROM `think_column` [ RunTime:0.0016s ]
SQL: SELECT * FROM `think_column` WHERE `id` = 9 LIMIT 1   [ RunTime:0.0003s ]
INFO: Run Behavior\ParseTemplateBehavior [ RunTime:0.022882s ]
INFO: [ view_parse ] --END-- [ RunTime:0.022952s ]
INFO: [ view_filter ] --START--
INFO: Run Behavior\WriteHtmlCacheBehavior [ RunTime:0.000737s ]
INFO: [ view_filter ] --END-- [ RunTime:0.000797s ]
INFO: [ app_end ] --START--
INFO: Run Behavior\ShowPageTraceBehavior [ RunTime:0.000237s ]
INFO: [ app_end ] --END-- [ RunTime:0.000299s ]

[ 2016-07-15T02:45:11+08:00 ] 51.255.65.18 /new_detail.asp?id=704
INFO: [ app_init ] --START--
INFO: Run Behavior\BuildLiteBehavior [ RunTime:0.000069s ]
INFO: [ app_init ] --END-- [ RunTime:0.000364s ]
NOTIC: [2] preg_match(): No ending delimiter '/' found /home/wwwroot/cpa88.com/ThinkPHP/Library/Think/Route.class.php 第 58 行.
NOTIC: [2] preg_match(): No ending delimiter '/' found /home/wwwroot/cpa88.com/ThinkPHP/Library/Think/Route.class.php 第 58 行.
INFO: [ app_begin ] --START--
NOTIC: [2] filemtime(): stat failed for ./Application/Home/View/New_detail.asp/index.html /home/wwwroot/cpa88.com/ThinkPHP/Library/Behavior/ReadHtmlCacheBehavior.class.php 第 104 行.
INFO: Run Behavior\ReadHtmlCacheBehavior [ RunTime:0.001762s ]
INFO: Run Behavior\CheckLangBehavior [ RunTime:0.000227s ]
INFO: [ app_begin ] --END-- [ RunTime:0.002117s ]
INFO: [ view_parse ] --START--
INFO: [ template_filter ] --START--
INFO: Run Behavior\ContentReplaceBehavior [ RunTime:0.000088s ]
INFO: [ template_filter ] --END-- [ RunTime:0.000175s ]
INFO: Run Behavior\ParseTemplateBehavior [ RunTime:0.005044s ]
INFO: [ view_parse ] --END-- [ RunTime:0.005184s ]
INFO: [ view_filter ] --START--
INFO: Run Behavior\WriteHtmlCacheBehavior [ RunTime:0.000493s ]
INFO: [ view_filter ] --END-- [ RunTime:0.000555s ]
INFO: [ app_end ] --START--
INFO: Run Behavior\ShowPageTraceBehavior [ RunTime:0.000244s ]
INFO: [ app_end ] --END-- [ RunTime:0.000385s ]

[ 2016-07-15T02:45:47+08:00 ] 220.181.108.76 /
INFO: [ app_init ] --START--
INFO: Run Behavior\BuildLiteBehavior [ RunTime:0.000039s ]
INFO: [ app_init ] --END-- [ RunTime:0.000294s ]
INFO: [ app_begin ] --START--
INFO: Run Behavior\ReadHtmlCacheBehavior [ RunTime:0.001257s ]
INFO: Run Behavior\CheckLangBehavior [ RunTime:0.000144s ]
INFO: [ app_begin ] --END-- [ RunTime:0.001561s ]
SQL: SHOW COLUMNS FROM `think_product` [ RunTime:0.0038s ]
SQL: SELECT COUNT(*) AS tp_count FROM `think_product` WHERE `status` = 0 LIMIT 1   [ RunTime:0.0009s ]
SQL: SELECT `id`,`title`,`desc`,`image`,`type`,`attr`,`price`,`com`,`balance_time`,`service`,`create_time` FROM `think_product` WHERE `status` = 0 ORDER BY sort desc LIMIT 0,10   [ RunTime:0.0013s ]
INFO: [ view_parse ] --START--
NOTIC: [8] Undefined index: where /home/wwwroot/cpa88.com/ThinkPHP/Library/Think/Template/TagLib/TagLibCustom.class.php 第 1030 行.
NOTIC: [8] Undefined index: attr /home/wwwroot/cpa88.com/ThinkPHP/Library/Think/Template/TagLib/TagLibCustom.class.php 第 1058 行.
NOTIC: [8] Undefined index: order /home/wwwroot/cpa88.com/ThinkPHP/Library/Think/Template/TagLib/TagLibCustom.class.php 第 69 行.
INFO: [ template_filter ] --START--
INFO: Run Behavior\ContentReplaceBehavior [ RunTime:0.000196s ]
INFO: [ template_filter ] --END-- [ RunTime:0.000295s ]
SQL: SHOW COLUMNS FROM `think_advert` [ RunTime:0.0009s ]
SQL: SELECT * FROM `think_advert` WHERE ( status=0 ) LIMIT 5   [ RunTime:0.0010s ]
SQL: SHOW COLUMNS FROM `think_column` [ RunTime:0.0012s ]
SQL: SELECT * FROM `think_column` WHERE `id` = 0 LIMIT 1   [ RunTime:0.0003s ]
INFO: Run Behavior\ParseTemplateBehavior [ RunTime:0.017446s ]
INFO: [ view_parse ] --END-- [ RunTime:0.017531s ]
INFO: [ view_filter ] --START--
INFO: Run Behavior\WriteHtmlCacheBehavior [ RunTime:0.000592s ]
INFO: [ view_filter ] --END-- [ RunTime:0.000668s ]
INFO: [ app_end ] --START--
INFO: Run Behavior\ShowPageTraceBehavior [ RunTime:0.000185s ]
INFO: [ app_end ] --END-- [ RunTime:0.000248s ]

[ 2016-07-15T02:47:21+08:00 ] 51.255.65.9 /product.asp
INFO: [ app_init ] --START--
INFO: Run Behavior\BuildLiteBehavior [ RunTime:0.000057s ]
INFO: [ app_init ] --END-- [ RunTime:0.000381s ]
NOTIC: [2] preg_match(): No ending delimiter '/' found /home/wwwroot/cpa88.com/ThinkPHP/Library/Think/Route.class.php 第 58 行.
NOTIC: [2] preg_match(): No ending delimiter '/' found /home/wwwroot/cpa88.com/ThinkPHP/Library/Think/Route.class.php 第 58 行.
INFO: [ app_begin ] --START--
NOTIC: [2] filemtime(): stat failed for ./Application/Home/View/Product.asp/index.html /home/wwwroot/cpa88.com/ThinkPHP/Library/Behavior/ReadHtmlCacheBehavior.class.php 第 104 行.
INFO: Run Behavior\ReadHtmlCacheBehavior [ RunTime:0.001673s ]
INFO: Run Behavior\CheckLangBehavior [ RunTime:0.000200s ]
INFO: [ app_begin ] --END-- [ RunTime:0.001977s ]
INFO: [ view_parse ] --START--
INFO: [ template_filter ] --START--
INFO: Run Behavior\ContentReplaceBehavior [ RunTime:0.000098s ]
INFO: [ template_filter ] --END-- [ RunTime:0.000189s ]
INFO: Run Behavior\ParseTemplateBehavior [ RunTime:0.005163s ]
INFO: [ view_parse ] --END-- [ RunTime:0.005260s ]
INFO: [ view_filter ] --START--
INFO: Run Behavior\WriteHtmlCacheBehavior [ RunTime:0.000597s ]
INFO: [ view_filter ] --END-- [ RunTime:0.000666s ]
INFO: [ app_end ] --START--
INFO: Run Behavior\ShowPageTraceBehavior [ RunTime:0.000287s ]
INFO: [ app_end ] --END-- [ RunTime:0.000361s ]

[ 2016-07-15T03:12:13+08:00 ] 74.91.26.114 /
INFO: [ app_init ] --START--
INFO: Run Behavior\BuildLiteBehavior [ RunTime:0.000041s ]
INFO: [ app_init ] --END-- [ RunTime:0.000343s ]
INFO: [ app_begin ] --START--
INFO: Run Behavior\ReadHtmlCacheBehavior [ RunTime:0.001743s ]
INFO: Run Behavior\CheckLangBehavior [ RunTime:0.000211s ]
INFO: [ app_begin ] --END-- [ RunTime:0.002083s ]
SQL: SHOW COLUMNS FROM `think_product` [ RunTime:0.0042s ]
SQL: SELECT COUNT(*) AS tp_count FROM `think_product` WHERE `status` = 0 LIMIT 1   [ RunTime:0.0010s ]
SQL: SELECT `id`,`title`,`desc`,`image`,`type`,`attr`,`price`,`com`,`balance_time`,`service`,`create_time` FROM `think_product` WHERE `status` = 0 ORDER BY sort desc LIMIT 0,10   [ RunTime:0.0008s ]
INFO: [ view_parse ] --START--
NOTIC: [8] Undefined index: where /home/wwwroot/cpa88.com/ThinkPHP/Library/Think/Template/TagLib/TagLibCustom.class.php 第 1030 行.
NOTIC: [8] Undefined index: attr /home/wwwroot/cpa88.com/ThinkPHP/Library/Think/Template/TagLib/TagLibCustom.class.php 第 1058 行.
NOTIC: [8] Undefined index: order /home/wwwroot/cpa88.com/ThinkPHP/Library/Think/Template/TagLib/TagLibCustom.class.php 第 69 行.
INFO: [ template_filter ] --START--
INFO: Run Behavior\ContentReplaceBehavior [ RunTime:0.000188s ]
INFO: [ template_filter ] --END-- [ RunTime:0.000266s ]
SQL: SHOW COLUMNS FROM `think_advert` [ RunTime:0.0010s ]
SQL: SELECT * FROM `think_advert` WHERE ( status=0 ) LIMIT 5   [ RunTime:0.0008s ]
SQL: SHOW COLUMNS FROM `think_column` [ RunTime:0.0015s ]
SQL: SELECT * FROM `think_column` WHERE `id` = 0 LIMIT 1   [ RunTime:0.0003s ]
INFO: Run Behavior\ParseTemplateBehavior [ RunTime:0.022173s ]
INFO: [ view_parse ] --END-- [ RunTime:0.022288s ]
INFO: [ view_filter ] --START--
INFO: Run Behavior\WriteHtmlCacheBehavior [ RunTime:0.000571s ]
INFO: [ view_filter ] --END-- [ RunTime:0.000649s ]
INFO: [ app_end ] --START--
INFO: Run Behavior\ShowPageTraceBehavior [ RunTime:0.000261s ]
INFO: [ app_end ] --END-- [ RunTime:0.000325s ]

[ 2016-07-15T03:15:16+08:00 ] 95.47.138.242 /contact.asp
INFO: [ app_init ] --START--
INFO: Run Behavior\BuildLiteBehavior [ RunTime:0.000053s ]
INFO: [ app_init ] --END-- [ RunTime:0.000336s ]
NOTIC: [2] preg_match(): No ending delimiter '/' found /home/wwwroot/cpa88.com/ThinkPHP/Library/Think/Route.class.php 第 58 行.
NOTIC: [2] preg_match(): No ending delimiter '/' found /home/wwwroot/cpa88.com/ThinkPHP/Library/Think/Route.class.php 第 58 行.
INFO: [ app_begin ] --START--
NOTIC: [2] filemtime(): stat failed for ./Application/Home/View/Contact.asp/index.html /home/wwwroot/cpa88.com/ThinkPHP/Library/Behavior/ReadHtmlCacheBehavior.class.php 第 104 行.
INFO: Run Behavior\ReadHtmlCacheBehavior [ RunTime:0.001734s ]
INFO: Run Behavior\CheckLangBehavior [ RunTime:0.000193s ]
INFO: [ app_begin ] --END-- [ RunTime:0.002050s ]
INFO: [ view_parse ] --START--
INFO: [ template_filter ] --START--
INFO: Run Behavior\ContentReplaceBehavior [ RunTime:0.000161s ]
INFO: [ template_filter ] --END-- [ RunTime:0.000307s ]
INFO: Run Behavior\ParseTemplateBehavior [ RunTime:0.006099s ]
INFO: [ view_parse ] --END-- [ RunTime:0.006262s ]
INFO: [ view_filter ] --START--
INFO: Run Behavior\WriteHtmlCacheBehavior [ RunTime:0.000631s ]
INFO: [ view_filter ] --END-- [ RunTime:0.000705s ]
INFO: [ app_end ] --START--
INFO: Run Behavior\ShowPageTraceBehavior [ RunTime:0.000237s ]
INFO: [ app_end ] --END-- [ RunTime:0.000309s ]

[ 2016-07-15T03:18:04+08:00 ] 66.249.75.202 /notice/6.html
INFO: [ app_init ] --START--
INFO: Run Behavior\BuildLiteBehavior [ RunTime:0.000040s ]
INFO: [ app_init ] --END-- [ RunTime:0.000275s ]
NOTIC: [2] preg_match(): No ending delimiter '/' found /home/wwwroot/cpa88.com/ThinkPHP/Library/Think/Route.class.php 第 58 行.
INFO: [ app_begin ] --START--
INFO: Run Behavior\ReadHtmlCacheBehavior [ RunTime:0.001563s ]
INFO: Run Behavior\CheckLangBehavior [ RunTime:0.000206s ]
INFO: [ app_begin ] --END-- [ RunTime:0.001893s ]
SQL: SHOW COLUMNS FROM `think_article` [ RunTime:0.0045s ]
SQL: SELECT COUNT(*) AS tp_count FROM `think_article` WHERE `cid` IN ('6') LIMIT 1   [ RunTime:0.0006s ]
SQL: SELECT `id`,`cid`,`title`,`content`,`create_time` FROM `think_article` WHERE `cid` IN ('6') ORDER BY create_time desc LIMIT 0,10   [ RunTime:0.0004s ]
INFO: [ view_parse ] --START--
INFO: [ template_filter ] --START--
INFO: Run Behavior\ContentReplaceBehavior [ RunTime:0.000181s ]
INFO: [ template_filter ] --END-- [ RunTime:0.000271s ]
NOTIC: [8] Undefined index: p /home/wwwroot/cpa88.com/Application/Runtime/Cache/Home/16012e40a7f6b510e9943e72b2944ba3.php 第 13 行.
NOTIC: [8] Undefined index: q /home/wwwroot/cpa88.com/Application/Runtime/Cache/Home/16012e40a7f6b510e9943e72b2944ba3.php 第 55 行.
INFO: Run Behavior\ParseTemplateBehavior [ RunTime:0.018592s ]
INFO: [ view_parse ] --END-- [ RunTime:0.018666s ]
INFO: [ view_filter ] --START--
INFO: Run Behavior\WriteHtmlCacheBehavior [ RunTime:0.000600s ]
INFO: [ view_filter ] --END-- [ RunTime:0.000660s ]
INFO: [ app_end ] --START--
INFO: Run Behavior\ShowPageTraceBehavior [ RunTime:0.000811s ]
INFO: [ app_end ] --END-- [ RunTime:0.000893s ]

[ 2016-07-15T04:01:02+08:00 ] 66.249.69.182 /register.html
INFO: [ app_init ] --START--
INFO: Run Behavior\BuildLiteBehavior [ RunTime:0.000084s ]
INFO: [ app_init ] --END-- [ RunTime:0.000519s ]
NOTIC: [2] preg_match(): No ending delimiter '/' found /home/wwwroot/cpa88.com/ThinkPHP/Library/Think/Route.class.php 第 58 行.
NOTIC: [2] preg_match(): No ending delimiter '/' found /home/wwwroot/cpa88.com/ThinkPHP/Library/Think/Route.class.php 第 58 行.
INFO: [ app_begin ] --START--
NOTIC: [2] filemtime(): stat failed for ./Application/Home/View/Index/register.html /home/wwwroot/cpa88.com/ThinkPHP/Library/Behavior/ReadHtmlCacheBehavior.class.php 第 104 行.
INFO: Run Behavior\ReadHtmlCacheBehavior [ RunTime:0.002546s ]
INFO: Run Behavior\CheckLangBehavior [ RunTime:0.000161s ]
INFO: [ app_begin ] --END-- [ RunTime:0.002841s ]
INFO: [ view_parse ] --START--
INFO: [ template_filter ] --START--
INFO: Run Behavior\ContentReplaceBehavior [ RunTime:0.000229s ]
INFO: [ template_filter ] --END-- [ RunTime:0.000298s ]
NOTIC: [8] Undefined index: p /home/wwwroot/cpa88.com/Application/Runtime/Cache/Home/665aaf23a014ea1206cc6c3e4efe0083.php 第 13 行.
INFO: Run Behavior\ParseTemplateBehavior [ RunTime:0.014200s ]
INFO: [ view_parse ] --END-- [ RunTime:0.014274s ]
INFO: [ view_filter ] --START--
INFO: Run Behavior\WriteHtmlCacheBehavior [ RunTime:0.000658s ]
INFO: [ view_filter ] --END-- [ RunTime:0.000717s ]
INFO: [ app_end ] --START--
INFO: Run Behavior\ShowPageTraceBehavior [ RunTime:0.000240s ]
INFO: [ app_end ] --END-- [ RunTime:0.000796s ]

[ 2016-07-15T04:23:39+08:00 ] 207.46.13.9 /robots.txt
INFO: [ app_init ] --START--
INFO: Run Behavior\BuildLiteBehavior [ RunTime:0.000043s ]
INFO: [ app_init ] --END-- [ RunTime:0.000331s ]
NOTIC: [2] preg_match(): No ending delimiter '/' found /home/wwwroot/cpa88.com/ThinkPHP/Library/Think/Route.class.php 第 58 行.
NOTIC: [2] preg_match(): No ending delimiter '/' found /home/wwwroot/cpa88.com/ThinkPHP/Library/Think/Route.class.php 第 58 行.
INFO: [ app_begin ] --START--
NOTIC: [2] filemtime(): stat failed for ./Application/Home/View/Robots.txt/index.html /home/wwwroot/cpa88.com/ThinkPHP/Library/Behavior/ReadHtmlCacheBehavior.class.php 第 104 行.
INFO: Run Behavior\ReadHtmlCacheBehavior [ RunTime:0.001122s ]
INFO: Run Behavior\CheckLangBehavior [ RunTime:0.000173s ]
INFO: [ app_begin ] --END-- [ RunTime:0.001424s ]
INFO: [ view_parse ] --START--
INFO: [ template_filter ] --START--
INFO: Run Behavior\ContentReplaceBehavior [ RunTime:0.000087s ]
INFO: [ template_filter ] --END-- [ RunTime:0.000162s ]
INFO: Run Behavior\ParseTemplateBehavior [ RunTime:0.004791s ]
INFO: [ view_parse ] --END-- [ RunTime:0.004906s ]
INFO: [ view_filter ] --START--
INFO: Run Behavior\WriteHtmlCacheBehavior [ RunTime:0.000565s ]
INFO: [ view_filter ] --END-- [ RunTime:0.000626s ]
INFO: [ app_end ] --START--
INFO: Run Behavior\ShowPageTraceBehavior [ RunTime:0.000212s ]
INFO: [ app_end ] --END-- [ RunTime:0.000298s ]

[ 2016-07-15T04:28:36+08:00 ] 207.46.13.85 /robots.txt
INFO: [ app_init ] --START--
INFO: Run Behavior\BuildLiteBehavior [ RunTime:0.000021s ]
INFO: [ app_init ] --END-- [ RunTime:0.000193s ]
NOTIC: [2] preg_match(): No ending delimiter '/' found /home/wwwroot/cpa88.com/ThinkPHP/Library/Think/Route.class.php 第 58 行.
NOTIC: [2] preg_match(): No ending delimiter '/' found /home/wwwroot/cpa88.com/ThinkPHP/Library/Think/Route.class.php 第 58 行.
INFO: [ app_begin ] --START--
NOTIC: [2] filemtime(): stat failed for ./Application/Home/View/Robots.txt/index.html /home/wwwroot/cpa88.com/ThinkPHP/Library/Behavior/ReadHtmlCacheBehavior.class.php 第 104 行.
INFO: Run Behavior\ReadHtmlCacheBehavior [ RunTime:0.000927s ]
INFO: Run Behavior\CheckLangBehavior [ RunTime:0.000131s ]
INFO: [ app_begin ] --END-- [ RunTime:0.001128s ]
INFO: [ view_parse ] --START--
INFO: [ template_filter ] --START--
INFO: Run Behavior\ContentReplaceBehavior [ RunTime:0.000080s ]
INFO: [ template_filter ] --END-- [ RunTime:0.000141s ]
INFO: Run Behavior\ParseTemplateBehavior [ RunTime:0.003611s ]
INFO: [ view_parse ] --END-- [ RunTime:0.003686s ]
INFO: [ view_filter ] --START--
INFO: Run Behavior\WriteHtmlCacheBehavior [ RunTime:0.000405s ]
INFO: [ view_filter ] --END-- [ RunTime:0.000451s ]
INFO: [ app_end ] --START--
INFO: Run Behavior\ShowPageTraceBehavior [ RunTime:0.000168s ]
INFO: [ app_end ] --END-- [ RunTime:0.000207s ]

[ 2016-07-15T04:28:55+08:00 ] 157.55.39.118 /robots.txt
INFO: [ app_init ] --START--
INFO: Run Behavior\BuildLiteBehavior [ RunTime:0.000067s ]
INFO: [ app_init ] --END-- [ RunTime:0.000414s ]
NOTIC: [2] preg_match(): No ending delimiter '/' found /home/wwwroot/cpa88.com/ThinkPHP/Library/Think/Route.class.php 第 58 行.
NOTIC: [2] preg_match(): No ending delimiter '/' found /home/wwwroot/cpa88.com/ThinkPHP/Library/Think/Route.class.php 第 58 行.
INFO: [ app_begin ] --START--
NOTIC: [2] filemtime(): stat failed for ./Application/Home/View/Robots.txt/index.html /home/wwwroot/cpa88.com/ThinkPHP/Library/Behavior/ReadHtmlCacheBehavior.class.php 第 104 行.

[ 2016-07-15T05:27:42+08:00 ] 66.249.75.202 /Home/Index
INFO: [ app_init ] --START--
INFO: Run Behavior\BuildLiteBehavior [ RunTime:0.000072s ]
INFO: [ app_init ] --END-- [ RunTime:0.000383s ]
NOTIC: [2] preg_match(): No ending delimiter '/' found /home/wwwroot/cpa88.com/ThinkPHP/Library/Think/Route.class.php 第 58 行.
NOTIC: [2] preg_match(): No ending delimiter '/' found /home/wwwroot/cpa88.com/ThinkPHP/Library/Think/Route.class.php 第 58 行.
INFO: [ app_begin ] --START--
INFO: Run Behavior\ReadHtmlCacheBehavior [ RunTime:0.001820s ]
INFO: Run Behavior\CheckLangBehavior [ RunTime:0.000201s ]
INFO: [ app_begin ] --END-- [ RunTime:0.002179s ]
SQL: SHOW COLUMNS FROM `think_product` [ RunTime:0.0045s ]
SQL: SELECT COUNT(*) AS tp_count FROM `think_product` WHERE `status` = 0 LIMIT 1   [ RunTime:0.0007s ]
SQL: SELECT `id`,`title`,`desc`,`image`,`type`,`attr`,`price`,`com`,`balance_time`,`service`,`create_time` FROM `think_product` WHERE `status` = 0 ORDER BY sort desc LIMIT 0,10   [ RunTime:0.0011s ]
INFO: [ view_parse ] --START--
NOTIC: [8] Undefined index: where /home/wwwroot/cpa88.com/ThinkPHP/Library/Think/Template/TagLib/TagLibCustom.class.php 第 1030 行.
NOTIC: [8] Undefined index: attr /home/wwwroot/cpa88.com/ThinkPHP/Library/Think/Template/TagLib/TagLibCustom.class.php 第 1058 行.
NOTIC: [8] Undefined index: order /home/wwwroot/cpa88.com/ThinkPHP/Library/Think/Template/TagLib/TagLibCustom.class.php 第 69 行.
INFO: [ template_filter ] --START--
INFO: Run Behavior\ContentReplaceBehavior [ RunTime:0.000189s ]
INFO: [ template_filter ] --END-- [ RunTime:0.000260s ]
SQL: SHOW COLUMNS FROM `think_advert` [ RunTime:0.0011s ]
SQL: SELECT * FROM `think_advert` WHERE ( status=0 ) LIMIT 5   [ RunTime:0.0005s ]
SQL: SHOW COLUMNS FROM `think_column` [ RunTime:0.0014s ]
SQL: SELECT * FROM `think_column` WHERE `id` = 0 LIMIT 1   [ RunTime:0.0004s ]
INFO: Run Behavior\ParseTemplateBehavior [ RunTime:0.019600s ]
INFO: [ view_parse ] --END-- [ RunTime:0.019686s ]
INFO: [ view_filter ] --START--
INFO: Run Behavior\WriteHtmlCacheBehavior [ RunTime:0.000703s ]
INFO: [ view_filter ] --END-- [ RunTime:0.000768s ]
INFO: [ app_end ] --START--
INFO: Run Behavior\ShowPageTraceBehavior [ RunTime:0.000220s ]
INFO: [ app_end ] --END-- [ RunTime:0.000320s ]

[ 2016-07-15T05:28:06+08:00 ] 217.69.133.2 /robots.txt
INFO: [ app_init ] --START--
INFO: Run Behavior\BuildLiteBehavior [ RunTime:0.000065s ]
INFO: [ app_init ] --END-- [ RunTime:0.000362s ]
NOTIC: [2] preg_match(): No ending delimiter '/' found /home/wwwroot/cpa88.com/ThinkPHP/Library/Think/Route.class.php 第 58 行.
NOTIC: [2] preg_match(): No ending delimiter '/' found /home/wwwroot/cpa88.com/ThinkPHP/Library/Think/Route.class.php 第 58 行.
INFO: [ app_begin ] --START--
NOTIC: [2] filemtime(): stat failed for ./Application/Home/View/Robots.txt/index.html /home/wwwroot/cpa88.com/ThinkPHP/Library/Behavior/ReadHtmlCacheBehavior.class.php 第 104 行.
INFO: Run Behavior\ReadHtmlCacheBehavior [ RunTime:0.001339s ]
INFO: Run Behavior\CheckLangBehavior [ RunTime:0.000189s ]
INFO: [ app_begin ] --END-- [ RunTime:0.001641s ]
INFO: [ view_parse ] --START--
INFO: [ template_filter ] --START--
INFO: Run Behavior\ContentReplaceBehavior [ RunTime:0.000088s ]
INFO: [ template_filter ] --END-- [ RunTime:0.000186s ]
INFO: Run Behavior\ParseTemplateBehavior [ RunTime:0.005501s ]
INFO: [ view_parse ] --END-- [ RunTime:0.005601s ]
INFO: [ view_filter ] --START--
INFO: Run Behavior\WriteHtmlCacheBehavior [ RunTime:0.000724s ]
INFO: [ view_filter ] --END-- [ RunTime:0.000787s ]
INFO: [ app_end ] --START--
INFO: Run Behavior\ShowPageTraceBehavior [ RunTime:0.000192s ]
INFO: [ app_end ] --END-- [ RunTime:0.000248s ]

[ 2016-07-15T05:30:41+08:00 ] 66.249.75.210 /pro_details/13.html
INFO: [ app_init ] --START--
INFO: Run Behavior\BuildLiteBehavior [ RunTime:0.000043s ]
INFO: [ app_init ] --END-- [ RunTime:0.000300s ]
NOTIC: [2] preg_match(): No ending delimiter '/' found /home/wwwroot/cpa88.com/ThinkPHP/Library/Think/Route.class.php 第 58 行.
NOTIC: [2] preg_match(): No ending delimiter '/' found /home/wwwroot/cpa88.com/ThinkPHP/Library/Think/Route.class.php 第 58 行.
INFO: [ app_begin ] --START--
INFO: Run Behavior\ReadHtmlCacheBehavior [ RunTime:0.001826s ]
INFO: Run Behavior\CheckLangBehavior [ RunTime:0.000216s ]
INFO: [ app_begin ] --END-- [ RunTime:0.002180s ]
SQL: SHOW COLUMNS FROM `think_product` [ RunTime:0.0039s ]
SQL: SELECT `id`,`title`,`desc`,`image`,`content`,`type`,`attr`,`price`,`com`,`balance_time`,`service`,`create_time` FROM `think_product` WHERE `id` = 13 LIMIT 1   [ RunTime:0.0007s ]
SQL: SHOW COLUMNS FROM `think_kefu` [ RunTime:0.0009s ]
SQL: SELECT * FROM `think_kefu` WHERE ( status=0 )  [ RunTime:0.0004s ]
INFO: [ view_parse ] --START--
INFO: [ template_filter ] --START--
INFO: Run Behavior\ContentReplaceBehavior [ RunTime:0.000283s ]
INFO: [ template_filter ] --END-- [ RunTime:0.000434s ]
NOTIC: [8] Undefined index: p /home/wwwroot/cpa88.com/Application/Runtime/Cache/Home/c0e5e04525859b98127e0609ff818963.php 第 13 行.
NOTIC: [8] Undefined index: t /home/wwwroot/cpa88.com/Application/Runtime/Cache/Home/c0e5e04525859b98127e0609ff818963.php 第 51 行.
NOTIC: [8] Undefined index: t /home/wwwroot/cpa88.com/Application/Runtime/Cache/Home/c0e5e04525859b98127e0609ff818963.php 第 52 行.
NOTIC: [8] Undefined index: tt /home/wwwroot/cpa88.com/Application/Runtime/Cache/Home/c0e5e04525859b98127e0609ff818963.php 第 56 行.
NOTIC: [8] Undefined index: tt /home/wwwroot/cpa88.com/Application/Runtime/Cache/Home/c0e5e04525859b98127e0609ff818963.php 第 57 行.
NOTIC: [8] Undefined index: tt /home/wwwroot/cpa88.com/Application/Runtime/Cache/Home/c0e5e04525859b98127e0609ff818963.php 第 58 行.
NOTIC: [8] Undefined index: tt /home/wwwroot/cpa88.com/Application/Runtime/Cache/Home/c0e5e04525859b98127e0609ff818963.php 第 59 行.
NOTIC: [8] Undefined index: tt /home/wwwroot/cpa88.com/Application/Runtime/Cache/Home/c0e5e04525859b98127e0609ff818963.php 第 60 行.
INFO: Run Behavior\ParseTemplateBehavior [ RunTime:0.029027s ]
INFO: [ view_parse ] --END-- [ RunTime:0.029118s ]
INFO: [ view_filter ] --START--
INFO: Run Behavior\WriteHtmlCacheBehavior [ RunTime:0.001094s ]
INFO: [ view_filter ] --END-- [ RunTime:0.001155s ]
INFO: [ app_end ] --START--
INFO: Run Behavior\ShowPageTraceBehavior [ RunTime:0.000240s ]
INFO: [ app_end ] --END-- [ RunTime:0.000301s ]

[ 2016-07-15T05:37:05+08:00 ] 5.9.142.226 /robots.txt
INFO: [ app_init ] --START--
INFO: Run Behavior\BuildLiteBehavior [ RunTime:0.000035s ]
INFO: [ app_init ] --END-- [ RunTime:0.000234s ]
NOTIC: [2] preg_match(): No ending delimiter '/' found /home/wwwroot/cpa88.com/ThinkPHP/Library/Think/Route.class.php 第 58 行.
NOTIC: [2] preg_match(): No ending delimiter '/' found /home/wwwroot/cpa88.com/ThinkPHP/Library/Think/Route.class.php 第 58 行.
INFO: [ app_begin ] --START--
NOTIC: [2] filemtime(): stat failed for ./Application/Home/View/Robots.txt/index.html /home/wwwroot/cpa88.com/ThinkPHP/Library/Behavior/ReadHtmlCacheBehavior.class.php 第 104 行.
INFO: Run Behavior\ReadHtmlCacheBehavior [ RunTime:0.000825s ]
INFO: Run Behavior\CheckLangBehavior [ RunTime:0.000113s ]
INFO: [ app_begin ] --END-- [ RunTime:0.001004s ]
INFO: [ view_parse ] --START--
INFO: [ template_filter ] --START--
INFO: Run Behavior\ContentReplaceBehavior [ RunTime:0.000057s ]
INFO: [ template_filter ] --END-- [ RunTime:0.000128s ]
INFO: Run Behavior\ParseTemplateBehavior [ RunTime:0.003253s ]
INFO: [ view_parse ] --END-- [ RunTime:0.003323s ]
INFO: [ view_filter ] --START--
INFO: Run Behavior\WriteHtmlCacheBehavior [ RunTime:0.000389s ]
INFO: [ view_filter ] --END-- [ RunTime:0.000433s ]
INFO: [ app_end ] --START--
INFO: Run Behavior\ShowPageTraceBehavior [ RunTime:0.000133s ]
INFO: [ app_end ] --END-- [ RunTime:0.000169s ]

[ 2016-07-15T05:37:09+08:00 ] 5.9.142.226 /new_detail.asp?sid=141&id=575
INFO: [ app_init ] --START--
INFO: Run Behavior\BuildLiteBehavior [ RunTime:0.000027s ]
INFO: [ app_init ] --END-- [ RunTime:0.000182s ]
NOTIC: [2] preg_match(): No ending delimiter '/' found /home/wwwroot/cpa88.com/ThinkPHP/Library/Think/Route.class.php 第 58 行.
NOTIC: [2] preg_match(): No ending delimiter '/' found /home/wwwroot/cpa88.com/ThinkPHP/Library/Think/Route.class.php 第 58 行.
INFO: [ app_begin ] --START--
NOTIC: [2] filemtime(): stat failed for ./Application/Home/View/New_detail.asp/index.html /home/wwwroot/cpa88.com/ThinkPHP/Library/Behavior/ReadHtmlCacheBehavior.class.php 第 104 行.
INFO: Run Behavior\ReadHtmlCacheBehavior [ RunTime:0.000857s ]
INFO: Run Behavior\CheckLangBehavior [ RunTime:0.000091s ]
INFO: [ app_begin ] --END-- [ RunTime:0.001016s ]
INFO: [ view_parse ] --START--
INFO: [ template_filter ] --START--
INFO: Run Behavior\ContentReplaceBehavior [ RunTime:0.000047s ]
INFO: [ template_filter ] --END-- [ RunTime:0.000108s ]
INFO: Run Behavior\ParseTemplateBehavior [ RunTime:0.002913s ]
INFO: [ view_parse ] --END-- [ RunTime:0.003000s ]
INFO: [ view_filter ] --START--
INFO: Run Behavior\WriteHtmlCacheBehavior [ RunTime:0.000481s ]
INFO: [ view_filter ] --END-- [ RunTime:0.000556s ]
INFO: [ app_end ] --START--
INFO: Run Behavior\ShowPageTraceBehavior [ RunTime:0.000166s ]
INFO: [ app_end ] --END-- [ RunTime:0.000232s ]

[ 2016-07-15T05:37:13+08:00 ] 5.9.142.226 /new_detail.asp?sid=141&id=576
INFO: [ app_init ] --START--
INFO: Run Behavior\BuildLiteBehavior [ RunTime:0.000035s ]
INFO: [ app_init ] --END-- [ RunTime:0.000232s ]
NOTIC: [2] preg_match(): No ending delimiter '/' found /home/wwwroot/cpa88.com/ThinkPHP/Library/Think/Route.class.php 第 58 行.
NOTIC: [2] preg_match(): No ending delimiter '/' found /home/wwwroot/cpa88.com/ThinkPHP/Library/Think/Route.class.php 第 58 行.
INFO: [ app_begin ] --START--
NOTIC: [2] filemtime(): stat failed for ./Application/Home/View/New_detail.asp/index.html /home/wwwroot/cpa88.com/ThinkPHP/Library/Behavior/ReadHtmlCacheBehavior.class.php 第 104 行.
INFO: Run Behavior\ReadHtmlCacheBehavior [ RunTime:0.001204s ]
INFO: Run Behavior\CheckLangBehavior [ RunTime:0.000196s ]
INFO: [ app_begin ] --END-- [ RunTime:0.001533s ]
INFO: [ view_parse ] --START--
INFO: [ template_filter ] --START--
INFO: Run Behavior\ContentReplaceBehavior [ RunTime:0.000074s ]
INFO: [ template_filter ] --END-- [ RunTime:0.000151s ]
INFO: Run Behavior\ParseTemplateBehavior [ RunTime:0.003752s ]
INFO: [ view_parse ] --END-- [ RunTime:0.003832s ]
INFO: [ view_filter ] --START--
INFO: Run Behavior\WriteHtmlCacheBehavior [ RunTime:0.000496s ]
INFO: [ view_filter ] --END-- [ RunTime:0.000553s ]
INFO: [ app_end ] --START--
INFO: Run Behavior\ShowPageTraceBehavior [ RunTime:0.000155s ]
INFO: [ app_end ] --END-- [ RunTime:0.000208s ]

[ 2016-07-15T05:37:15+08:00 ] 5.9.142.226 /new_detail.asp?sid=141&id=577
INFO: [ app_init ] --START--
INFO: Run Behavior\BuildLiteBehavior [ RunTime:0.000026s ]
INFO: [ app_init ] --END-- [ RunTime:0.000175s ]
NOTIC: [2] preg_match(): No ending delimiter '/' found /home/wwwroot/cpa88.com/ThinkPHP/Library/Think/Route.class.php 第 58 行.
NOTIC: [2] preg_match(): No ending delimiter '/' found /home/wwwroot/cpa88.com/ThinkPHP/Library/Think/Route.class.php 第 58 行.
INFO: [ app_begin ] --START--
INFO: Run Behavior\ReadHtmlCacheBehavior [ RunTime:0.000481s ]
INFO: Run Behavior\CheckLangBehavior [ RunTime:0.000130s ]
INFO: [ app_begin ] --END-- [ RunTime:0.000713s ]
INFO: [ view_parse ] --START--
INFO: [ template_filter ] --START--
INFO: Run Behavior\ContentReplaceBehavior [ RunTime:0.000074s ]
INFO: [ template_filter ] --END-- [ RunTime:0.000188s ]
INFO: Run Behavior\ParseTemplateBehavior [ RunTime:0.003715s ]
INFO: [ view_parse ] --END-- [ RunTime:0.003803s ]
INFO: [ view_filter ] --START--
INFO: Run Behavior\WriteHtmlCacheBehavior [ RunTime:0.000449s ]
INFO: [ view_filter ] --END-- [ RunTime:0.000508s ]
INFO: [ app_end ] --START--
INFO: Run Behavior\ShowPageTraceBehavior [ RunTime:0.000192s ]
INFO: [ app_end ] --END-- [ RunTime:0.000247s ]

[ 2016-07-15T06:32:31+08:00 ] 66.249.75.218 /Home/Notice/com_list.html?sz=10
INFO: [ app_init ] --START--
INFO: Run Behavior\BuildLiteBehavior [ RunTime:0.000044s ]
INFO: [ app_init ] --END-- [ RunTime:0.000343s ]
NOTIC: [2] preg_match(): No ending delimiter '/' found /home/wwwroot/cpa88.com/ThinkPHP/Library/Think/Route.class.php 第 58 行.
NOTIC: [2] preg_match(): No ending delimiter '/' found /home/wwwroot/cpa88.com/ThinkPHP/Library/Think/Route.class.php 第 58 行.
INFO: [ app_begin ] --START--
INFO: Run Behavior\ReadHtmlCacheBehavior [ RunTime:0.000678s ]
INFO: Run Behavior\CheckLangBehavior [ RunTime:0.000230s ]
INFO: [ app_begin ] --END-- [ RunTime:0.001086s ]
SQL: SHOW COLUMNS FROM `think_product` [ RunTime:0.0034s ]
SQL: SELECT COUNT(*) AS tp_count FROM `think_product` WHERE `com` LIKE '%1%' LIMIT 1   [ RunTime:0.0006s ]
SQL: SELECT * FROM `think_product` WHERE `com` LIKE '%1%' ORDER BY sort asc,id desc LIMIT 0,10   [ RunTime:0.0013s ]

[ 2016-07-15T06:39:29+08:00 ] 123.125.71.40 /new_detail.asp?sid=141&id=745
INFO: [ app_init ] --START--
INFO: Run Behavior\BuildLiteBehavior [ RunTime:0.000040s ]
INFO: [ app_init ] --END-- [ RunTime:0.000334s ]
NOTIC: [2] preg_match(): No ending delimiter '/' found /home/wwwroot/cpa88.com/ThinkPHP/Library/Think/Route.class.php 第 58 行.
NOTIC: [2] preg_match(): No ending delimiter '/' found /home/wwwroot/cpa88.com/ThinkPHP/Library/Think/Route.class.php 第 58 行.
INFO: [ app_begin ] --START--
NOTIC: [2] filemtime(): stat failed for ./Application/Home/View/New_detail.asp/index.html /home/wwwroot/cpa88.com/ThinkPHP/Library/Behavior/ReadHtmlCacheBehavior.class.php 第 104 行.
INFO: Run Behavior\ReadHtmlCacheBehavior [ RunTime:0.001378s ]
INFO: Run Behavior\CheckLangBehavior [ RunTime:0.000166s ]
INFO: [ app_begin ] --END-- [ RunTime:0.001679s ]
INFO: [ view_parse ] --START--
INFO: [ template_filter ] --START--
INFO: Run Behavior\ContentReplaceBehavior [ RunTime:0.000189s ]
INFO: [ template_filter ] --END-- [ RunTime:0.000456s ]
INFO: Run Behavior\ParseTemplateBehavior [ RunTime:0.013798s ]
INFO: [ view_parse ] --END-- [ RunTime:0.013966s ]
INFO: [ view_filter ] --START--
INFO: Run Behavior\WriteHtmlCacheBehavior [ RunTime:0.000992s ]
INFO: [ view_filter ] --END-- [ RunTime:0.001108s ]
INFO: [ app_end ] --START--
INFO: Run Behavior\ShowPageTraceBehavior [ RunTime:0.000480s ]
INFO: [ app_end ] --END-- [ RunTime:0.000636s ]

[ 2016-07-15T06:40:59+08:00 ] 207.46.13.101 /robots.txt
INFO: [ app_init ] --START--
INFO: Run Behavior\BuildLiteBehavior [ RunTime:0.000033s ]
INFO: [ app_init ] --END-- [ RunTime:0.000223s ]
NOTIC: [2] preg_match(): No ending delimiter '/' found /home/wwwroot/cpa88.com/ThinkPHP/Library/Think/Route.class.php 第 58 行.
NOTIC: [2] preg_match(): No ending delimiter '/' found /home/wwwroot/cpa88.com/ThinkPHP/Library/Think/Route.class.php 第 58 行.
INFO: [ app_begin ] --START--
NOTIC: [2] filemtime(): stat failed for ./Application/Home/View/Robots.txt/index.html /home/wwwroot/cpa88.com/ThinkPHP/Library/Behavior/ReadHtmlCacheBehavior.class.php 第 104 行.
INFO: Run Behavior\ReadHtmlCacheBehavior [ RunTime:0.001172s ]
INFO: Run Behavior\CheckLangBehavior [ RunTime:0.000140s ]
INFO: [ app_begin ] --END-- [ RunTime:0.001459s ]
INFO: [ view_parse ] --START--
INFO: [ template_filter ] --START--
INFO: Run Behavior\ContentReplaceBehavior [ RunTime:0.000099s ]
INFO: [ template_filter ] --END-- [ RunTime:0.000175s ]
INFO: Run Behavior\ParseTemplateBehavior [ RunTime:0.004110s ]
INFO: [ view_parse ] --END-- [ RunTime:0.004189s ]
INFO: [ view_filter ] --START--
INFO: Run Behavior\WriteHtmlCacheBehavior [ RunTime:0.000423s ]
INFO: [ view_filter ] --END-- [ RunTime:0.000481s ]
INFO: [ app_end ] --START--
INFO: Run Behavior\ShowPageTraceBehavior [ RunTime:0.000203s ]
INFO: [ app_end ] --END-- [ RunTime:0.000269s ]

[ 2016-07-15T06:45:11+08:00 ] 207.46.13.101 /index.asp
INFO: [ app_init ] --START--
INFO: Run Behavior\BuildLiteBehavior [ RunTime:0.000056s ]
INFO: [ app_init ] --END-- [ RunTime:0.000423s ]
NOTIC: [2] preg_match(): No ending delimiter '/' found /home/wwwroot/cpa88.com/ThinkPHP/Library/Think/Route.class.php 第 58 行.
NOTIC: [2] preg_match(): No ending delimiter '/' found /home/wwwroot/cpa88.com/ThinkPHP/Library/Think/Route.class.php 第 58 行.
INFO: [ app_begin ] --START--
NOTIC: [2] filemtime(): stat failed for ./Application/Home/View/Index.asp/index.html /home/wwwroot/cpa88.com/ThinkPHP/Library/Behavior/ReadHtmlCacheBehavior.class.php 第 104 行.
INFO: Run Behavior\ReadHtmlCacheBehavior [ RunTime:0.001516s ]
INFO: Run Behavior\CheckLangBehavior [ RunTime:0.000178s ]
INFO: [ app_begin ] --END-- [ RunTime:0.001819s ]
INFO: [ view_parse ] --START--
INFO: [ template_filter ] --START--
INFO: Run Behavior\ContentReplaceBehavior [ RunTime:0.000092s ]
INFO: [ template_filter ] --END-- [ RunTime:0.000175s ]
INFO: Run Behavior\ParseTemplateBehavior [ RunTime:0.004856s ]
INFO: [ view_parse ] --END-- [ RunTime:0.004966s ]
INFO: [ view_filter ] --START--
INFO: Run Behavior\WriteHtmlCacheBehavior [ RunTime:0.000548s ]
INFO: [ view_filter ] --END-- [ RunTime:0.000614s ]
INFO: [ app_end ] --START--
INFO: Run Behavior\ShowPageTraceBehavior [ RunTime:0.000223s ]
INFO: [ app_end ] --END-- [ RunTime:0.000285s ]

[ 2016-07-15T06:53:28+08:00 ] 58.217.192.54 /
INFO: [ app_init ] --START--
INFO: Run Behavior\BuildLiteBehavior [ RunTime:0.000062s ]
INFO: [ app_init ] --END-- [ RunTime:0.000436s ]
INFO: [ app_begin ] --START--
INFO: Run Behavior\ReadHtmlCacheBehavior [ RunTime:0.002452s ]
INFO: Run Behavior\CheckLangBehavior [ RunTime:0.000299s ]
INFO: [ app_begin ] --END-- [ RunTime:0.002947s ]
SQL: SHOW COLUMNS FROM `think_product` [ RunTime:0.0056s ]
SQL: SELECT COUNT(*) AS tp_count FROM `think_product` WHERE `status` = 0 LIMIT 1   [ RunTime:0.0009s ]
SQL: SELECT `id`,`title`,`desc`,`image`,`type`,`attr`,`price`,`com`,`balance_time`,`service`,`create_time` FROM `think_product` WHERE `status` = 0 ORDER BY sort desc LIMIT 0,10   [ RunTime:0.0011s ]
INFO: [ view_parse ] --START--
NOTIC: [8] Undefined index: where /home/wwwroot/cpa88.com/ThinkPHP/Library/Think/Template/TagLib/TagLibCustom.class.php 第 1030 行.
NOTIC: [8] Undefined index: attr /home/wwwroot/cpa88.com/ThinkPHP/Library/Think/Template/TagLib/TagLibCustom.class.php 第 1058 行.
NOTIC: [8] Undefined index: order /home/wwwroot/cpa88.com/ThinkPHP/Library/Think/Template/TagLib/TagLibCustom.class.php 第 69 行.
INFO: [ template_filter ] --START--
INFO: Run Behavior\ContentReplaceBehavior [ RunTime:0.000252s ]
INFO: [ template_filter ] --END-- [ RunTime:0.000350s ]
SQL: SHOW COLUMNS FROM `think_advert` [ RunTime:0.0011s ]
SQL: SELECT * FROM `think_advert` WHERE ( status=0 ) LIMIT 5   [ RunTime:0.0004s ]
SQL: SHOW COLUMNS FROM `think_column` [ RunTime:0.0019s ]
SQL: SELECT * FROM `think_column` WHERE `id` = 0 LIMIT 1   [ RunTime:0.0005s ]
INFO: Run Behavior\ParseTemplateBehavior [ RunTime:0.022041s ]
INFO: [ view_parse ] --END-- [ RunTime:0.022329s ]
INFO: [ view_filter ] --START--
INFO: Run Behavior\WriteHtmlCacheBehavior [ RunTime:0.000990s ]
INFO: [ view_filter ] --END-- [ RunTime:0.001097s ]
INFO: [ app_end ] --START--
INFO: Run Behavior\ShowPageTraceBehavior [ RunTime:0.000328s ]
INFO: [ app_end ] --END-- [ RunTime:0.000417s ]

[ 2016-07-15T06:53:28+08:00 ] 58.217.192.54 /
INFO: [ app_init ] --START--
INFO: Run Behavior\BuildLiteBehavior [ RunTime:0.000034s ]
INFO: [ app_init ] --END-- [ RunTime:0.000224s ]
INFO: [ app_begin ] --START--

[ 2016-07-15T06:58:40+08:00 ] 58.217.192.54 /
INFO: [ app_init ] --START--
INFO: Run Behavior\BuildLiteBehavior [ RunTime:0.000046s ]
INFO: [ app_init ] --END-- [ RunTime:0.000314s ]
INFO: [ app_begin ] --START--
INFO: Run Behavior\ReadHtmlCacheBehavior [ RunTime:0.001604s ]
INFO: Run Behavior\CheckLangBehavior [ RunTime:0.000166s ]
INFO: [ app_begin ] --END-- [ RunTime:0.001951s ]
SQL: SHOW COLUMNS FROM `think_product` [ RunTime:0.0039s ]
SQL: SELECT COUNT(*) AS tp_count FROM `think_product` WHERE `status` = 0 LIMIT 1   [ RunTime:0.0008s ]
SQL: SELECT `id`,`title`,`desc`,`image`,`type`,`attr`,`price`,`com`,`balance_time`,`service`,`create_time` FROM `think_product` WHERE `status` = 0 ORDER BY sort desc LIMIT 0,10   [ RunTime:0.0007s ]
INFO: [ view_parse ] --START--
NOTIC: [8] Undefined index: where /home/wwwroot/cpa88.com/ThinkPHP/Library/Think/Template/TagLib/TagLibCustom.class.php 第 1030 行.
NOTIC: [8] Undefined index: attr /home/wwwroot/cpa88.com/ThinkPHP/Library/Think/Template/TagLib/TagLibCustom.class.php 第 1058 行.
NOTIC: [8] Undefined index: order /home/wwwroot/cpa88.com/ThinkPHP/Library/Think/Template/TagLib/TagLibCustom.class.php 第 69 行.
INFO: [ template_filter ] --START--
INFO: Run Behavior\ContentReplaceBehavior [ RunTime:0.004524s ]
INFO: [ template_filter ] --END-- [ RunTime:0.004638s ]
SQL: SHOW COLUMNS FROM `think_advert` [ RunTime:0.0011s ]
SQL: SELECT * FROM `think_advert` WHERE ( status=0 ) LIMIT 5   [ RunTime:0.0004s ]
SQL: SHOW COLUMNS FROM `think_column` [ RunTime:0.0015s ]
SQL: SELECT * FROM `think_column` WHERE `id` = 0 LIMIT 1   [ RunTime:0.0005s ]
INFO: Run Behavior\ParseTemplateBehavior [ RunTime:0.024858s ]
INFO: [ view_parse ] --END-- [ RunTime:0.024951s ]
INFO: [ view_filter ] --START--
INFO: Run Behavior\WriteHtmlCacheBehavior [ RunTime:0.000908s ]
INFO: [ view_filter ] --END-- [ RunTime:0.000971s ]
INFO: [ app_end ] --START--
INFO: Run Behavior\ShowPageTraceBehavior [ RunTime:0.000270s ]
INFO: [ app_end ] --END-- [ RunTime:0.000334s ]

[ 2016-07-15T06:58:40+08:00 ] 58.217.192.54 /
INFO: [ app_init ] --START--
INFO: Run Behavior\BuildLiteBehavior [ RunTime:0.000030s ]
INFO: [ app_init ] --END-- [ RunTime:0.000180s ]
INFO: [ app_begin ] --START--

[ 2016-07-15T07:31:58+08:00 ] 66.249.75.210 /
INFO: [ app_init ] --START--
INFO: Run Behavior\BuildLiteBehavior [ RunTime:0.000039s ]
INFO: [ app_init ] --END-- [ RunTime:0.000302s ]
INFO: [ app_begin ] --START--
INFO: Run Behavior\ReadHtmlCacheBehavior [ RunTime:0.001562s ]
INFO: Run Behavior\CheckLangBehavior [ RunTime:0.000135s ]
INFO: [ app_begin ] --END-- [ RunTime:0.001886s ]
SQL: SHOW COLUMNS FROM `think_product` [ RunTime:0.0040s ]
SQL: SELECT COUNT(*) AS tp_count FROM `think_product` WHERE `status` = 0 LIMIT 1   [ RunTime:0.0010s ]
SQL: SELECT `id`,`title`,`desc`,`image`,`type`,`attr`,`price`,`com`,`balance_time`,`service`,`create_time` FROM `think_product` WHERE `status` = 0 ORDER BY sort desc LIMIT 0,10   [ RunTime:0.0008s ]
INFO: [ view_parse ] --START--
NOTIC: [8] Undefined index: where /home/wwwroot/cpa88.com/ThinkPHP/Library/Think/Template/TagLib/TagLibCustom.class.php 第 1030 行.
NOTIC: [8] Undefined index: attr /home/wwwroot/cpa88.com/ThinkPHP/Library/Think/Template/TagLib/TagLibCustom.class.php 第 1058 行.
NOTIC: [8] Undefined index: order /home/wwwroot/cpa88.com/ThinkPHP/Library/Think/Template/TagLib/TagLibCustom.class.php 第 69 行.
INFO: [ template_filter ] --START--
INFO: Run Behavior\ContentReplaceBehavior [ RunTime:0.000204s ]
INFO: [ template_filter ] --END-- [ RunTime:0.000288s ]
SQL: SHOW COLUMNS FROM `think_advert` [ RunTime:0.0010s ]
SQL: SELECT * FROM `think_advert` WHERE ( status=0 ) LIMIT 5   [ RunTime:0.0009s ]
SQL: SHOW COLUMNS FROM `think_column` [ RunTime:0.0014s ]
SQL: SELECT * FROM `think_column` WHERE `id` = 0 LIMIT 1   [ RunTime:0.0004s ]
INFO: Run Behavior\ParseTemplateBehavior [ RunTime:0.020038s ]
INFO: [ view_parse ] --END-- [ RunTime:0.020129s ]
INFO: [ view_filter ] --START--
INFO: Run Behavior\WriteHtmlCacheBehavior [ RunTime:0.000744s ]
INFO: [ view_filter ] --END-- [ RunTime:0.000806s ]
INFO: [ app_end ] --START--
INFO: Run Behavior\ShowPageTraceBehavior [ RunTime:0.000208s ]
INFO: [ app_end ] --END-- [ RunTime:0.000268s ]

[ 2016-07-15T07:44:19+08:00 ] 66.249.69.182 /notices/9.html
INFO: [ app_init ] --START--
INFO: Run Behavior\BuildLiteBehavior [ RunTime:0.000064s ]
INFO: [ app_init ] --END-- [ RunTime:0.000468s ]
NOTIC: [2] preg_match(): No ending delimiter '/' found /home/wwwroot/cpa88.com/ThinkPHP/Library/Think/Route.class.php 第 58 行.
INFO: [ app_begin ] --START--
INFO: Run Behavior\ReadHtmlCacheBehavior [ RunTime:0.001354s ]
INFO: Run Behavior\CheckLangBehavior [ RunTime:0.000161s ]
INFO: [ app_begin ] --END-- [ RunTime:0.001670s ]
SQL: SHOW COLUMNS FROM `think_article` [ RunTime:0.0045s ]
SQL: SELECT * FROM `think_article` WHERE `id` = 9 LIMIT 1   [ RunTime:0.0006s ]
SQL: UPDATE `think_article` SET `hits`='103' WHERE `id` = 9 [ RunTime:0.0008s ]
SQL: SHOW COLUMNS FROM `think_article` [ RunTime:0.0013s ]
SQL: SHOW COLUMNS FROM `think_article` [ RunTime:0.0012s ]
SQL: SELECT * FROM `think_article` WHERE `id` > '9' AND `cid` = 6 ORDER BY id asc LIMIT 1   [ RunTime:0.0005s ]
SQL: SELECT * FROM `think_article` WHERE `id` < '9' AND `cid` = 6 ORDER BY id desc LIMIT 1   [ RunTime:0.0003s ]
INFO: [ view_parse ] --START--
NOTIC: [8] Undefined index: where /home/wwwroot/cpa88.com/ThinkPHP/Library/Think/Template/TagLib/TagLibCustom.class.php 第 1030 行.
NOTIC: [8] Undefined index: attr /home/wwwroot/cpa88.com/ThinkPHP/Library/Think/Template/TagLib/TagLibCustom.class.php 第 1058 行.
NOTIC: [8] Undefined index: order /home/wwwroot/cpa88.com/ThinkPHP/Library/Think/Template/TagLib/TagLibCustom.class.php 第 69 行.
INFO: [ template_filter ] --START--
INFO: Run Behavior\ContentReplaceBehavior [ RunTime:0.000185s ]
INFO: [ template_filter ] --END-- [ RunTime:0.000268s ]
NOTIC: [8] Undefined index: p /home/wwwroot/cpa88.com/Application/Runtime/Cache/Home/8318e8ffd3a13f47c6a642fb7d7f83e2.php 第 13 行.
NOTIC: [8] Use of undefined constant Think - assumed 'Think' /home/wwwroot/cpa88.com/Application/Runtime/Cache/Home/8318e8ffd3a13f47c6a642fb7d7f83e2.php 第 49 行.
NOTIC: [8] Use of undefined constant get - assumed 'get' /home/wwwroot/cpa88.com/Application/Runtime/Cache/Home/8318e8ffd3a13f47c6a642fb7d7f83e2.php 第 49 行.
NOTIC: [8] Use of undefined constant cid - assumed 'cid' /home/wwwroot/cpa88.com/Application/Runtime/Cache/Home/8318e8ffd3a13f47c6a642fb7d7f83e2.php 第 49 行.
NOTIC: [8] Undefined index: cid /home/wwwroot/cpa88.com/Application/Runtime/Cache/Home/8318e8ffd3a13f47c6a642fb7d7f83e2.php 第 50 行.
NOTIC: [8] Undefined index: cid /home/wwwroot/cpa88.com/Application/Runtime/Cache/Home/8318e8ffd3a13f47c6a642fb7d7f83e2.php 第 51 行.
NOTIC: [8] Undefined index: cid /home/wwwroot/cpa88.com/Application/Runtime/Cache/Home/8318e8ffd3a13f47c6a642fb7d7f83e2.php 第 52 行.
SQL: SHOW COLUMNS FROM `think_advert` [ RunTime:0.0011s ]
SQL: SELECT * FROM `think_advert` WHERE ( status=0 ) LIMIT 5   [ RunTime:0.0004s ]
SQL: SHOW COLUMNS FROM `think_column` [ RunTime:0.0013s ]
SQL: SELECT * FROM `think_column` WHERE `id` = 9 LIMIT 1   [ RunTime:0.0003s ]
INFO: Run Behavior\ParseTemplateBehavior [ RunTime:0.021108s ]
INFO: [ view_parse ] --END-- [ RunTime:0.021177s ]
INFO: [ view_filter ] --START--
INFO: Run Behavior\WriteHtmlCacheBehavior [ RunTime:0.000737s ]
INFO: [ view_filter ] --END-- [ RunTime:0.000819s ]
INFO: [ app_end ] --START--
INFO: Run Behavior\ShowPageTraceBehavior [ RunTime:0.000299s ]
INFO: [ app_end ] --END-- [ RunTime:0.000381s ]

[ 2016-07-15T08:12:20+08:00 ] 51.255.65.71 /new_detail.asp?id=696
INFO: [ app_init ] --START--
INFO: Run Behavior\BuildLiteBehavior [ RunTime:0.000129s ]
INFO: [ app_init ] --END-- [ RunTime:0.000601s ]
NOTIC: [2] preg_match(): No ending delimiter '/' found /home/wwwroot/cpa88.com/ThinkPHP/Library/Think/Route.class.php 第 58 行.
NOTIC: [2] preg_match(): No ending delimiter '/' found /home/wwwroot/cpa88.com/ThinkPHP/Library/Think/Route.class.php 第 58 行.
INFO: [ app_begin ] --START--
NOTIC: [2] filemtime(): stat failed for ./Application/Home/View/New_detail.asp/index.html /home/wwwroot/cpa88.com/ThinkPHP/Library/Behavior/ReadHtmlCacheBehavior.class.php 第 104 行.
INFO: Run Behavior\ReadHtmlCacheBehavior [ RunTime:0.007203s ]
INFO: Run Behavior\CheckLangBehavior [ RunTime:0.000348s ]
INFO: [ app_begin ] --END-- [ RunTime:0.007821s ]
INFO: [ view_parse ] --START--
INFO: [ template_filter ] --START--
INFO: Run Behavior\ContentReplaceBehavior [ RunTime:0.000215s ]
INFO: [ template_filter ] --END-- [ RunTime:0.000385s ]
INFO: Run Behavior\ParseTemplateBehavior [ RunTime:0.008105s ]
INFO: [ view_parse ] --END-- [ RunTime:0.008261s ]
INFO: [ view_filter ] --START--
INFO: Run Behavior\WriteHtmlCacheBehavior [ RunTime:0.000915s ]
INFO: [ view_filter ] --END-- [ RunTime:0.001019s ]
INFO: [ app_end ] --START--
INFO: Run Behavior\ShowPageTraceBehavior [ RunTime:0.001098s ]
INFO: [ app_end ] --END-- [ RunTime:0.001221s ]

[ 2016-07-15T08:31:24+08:00 ] 217.69.133.9 /new_detail.asp?id=671&sid=140
INFO: [ app_init ] --START--
INFO: Run Behavior\BuildLiteBehavior [ RunTime:0.000040s ]
INFO: [ app_init ] --END-- [ RunTime:0.000325s ]
NOTIC: [2] preg_match(): No ending delimiter '/' found /home/wwwroot/cpa88.com/ThinkPHP/Library/Think/Route.class.php 第 58 行.
NOTIC: [2] preg_match(): No ending delimiter '/' found /home/wwwroot/cpa88.com/ThinkPHP/Library/Think/Route.class.php 第 58 行.
INFO: [ app_begin ] --START--
INFO: Run Behavior\ReadHtmlCacheBehavior [ RunTime:0.001010s ]
INFO: Run Behavior\CheckLangBehavior [ RunTime:0.000180s ]
INFO: [ app_begin ] --END-- [ RunTime:0.001333s ]
INFO: [ view_parse ] --START--
INFO: [ template_filter ] --START--
INFO: Run Behavior\ContentReplaceBehavior [ RunTime:0.000080s ]
INFO: [ template_filter ] --END-- [ RunTime:0.000158s ]
INFO: Run Behavior\ParseTemplateBehavior [ RunTime:0.005266s ]
INFO: [ view_parse ] --END-- [ RunTime:0.005351s ]
INFO: [ view_filter ] --START--
INFO: Run Behavior\WriteHtmlCacheBehavior [ RunTime:0.000905s ]
INFO: [ view_filter ] --END-- [ RunTime:0.000965s ]
INFO: [ app_end ] --START--
INFO: Run Behavior\ShowPageTraceBehavior [ RunTime:0.000183s ]
INFO: [ app_end ] --END-- [ RunTime:0.000235s ]

[ 2016-07-15T08:49:05+08:00 ] 223.68.43.197 /favicon.ico
INFO: [ app_init ] --START--
INFO: Run Behavior\BuildLiteBehavior [ RunTime:0.000044s ]
INFO: [ app_init ] --END-- [ RunTime:0.000305s ]
NOTIC: [2] preg_match(): No ending delimiter '/' found /home/wwwroot/cpa88.com/ThinkPHP/Library/Think/Route.class.php 第 58 行.
NOTIC: [2] preg_match(): No ending delimiter '/' found /home/wwwroot/cpa88.com/ThinkPHP/Library/Think/Route.class.php 第 58 行.

[ 2016-07-15T09:57:15+08:00 ] 49.64.149.101 /favicon.ico
INFO: [ app_init ] --START--
INFO: Run Behavior\BuildLiteBehavior [ RunTime:0.000068s ]
INFO: [ app_init ] --END-- [ RunTime:0.000435s ]
NOTIC: [2] preg_match(): No ending delimiter '/' found /home/wwwroot/cpa88.com/ThinkPHP/Library/Think/Route.class.php 第 58 行.
NOTIC: [2] preg_match(): No ending delimiter '/' found /home/wwwroot/cpa88.com/ThinkPHP/Library/Think/Route.class.php 第 58 行.

[ 2016-07-15T09:58:07+08:00 ] 49.64.149.101 /favicon.ico
INFO: [ app_init ] --START--
INFO: Run Behavior\BuildLiteBehavior [ RunTime:0.000044s ]
INFO: [ app_init ] --END-- [ RunTime:0.000288s ]
NOTIC: [2] preg_match(): No ending delimiter '/' found /home/wwwroot/cpa88.com/ThinkPHP/Library/Think/Route.class.php 第 58 行.
NOTIC: [2] preg_match(): No ending delimiter '/' found /home/wwwroot/cpa88.com/ThinkPHP/Library/Think/Route.class.php 第 58 行.

[ 2016-07-15T09:59:57+08:00 ] 49.64.149.101 /
INFO: [ app_init ] --START--
INFO: Run Behavior\BuildLiteBehavior [ RunTime:0.000030s ]
INFO: [ app_init ] --END-- [ RunTime:0.000257s ]
INFO: [ app_begin ] --START--
INFO: Run Behavior\ReadHtmlCacheBehavior [ RunTime:0.001062s ]
INFO: Run Behavior\CheckLangBehavior [ RunTime:0.000103s ]
INFO: [ app_begin ] --END-- [ RunTime:0.001253s ]
SQL: SHOW COLUMNS FROM `think_product` [ RunTime:0.0025s ]
SQL: SELECT COUNT(*) AS tp_count FROM `think_product` WHERE `status` = 0 LIMIT 1   [ RunTime:0.0005s ]
SQL: SELECT `id`,`title`,`desc`,`image`,`type`,`attr`,`price`,`com`,`balance_time`,`service`,`create_time` FROM `think_product` WHERE `status` = 0 ORDER BY sort desc LIMIT 0,10   [ RunTime:0.0004s ]
INFO: [ view_parse ] --START--
NOTIC: [8] Undefined index: where /home/wwwroot/cpa88.com/ThinkPHP/Library/Think/Template/TagLib/TagLibCustom.class.php 第 1030 行.
NOTIC: [8] Undefined index: attr /home/wwwroot/cpa88.com/ThinkPHP/Library/Think/Template/TagLib/TagLibCustom.class.php 第 1058 行.
NOTIC: [8] Undefined index: order /home/wwwroot/cpa88.com/ThinkPHP/Library/Think/Template/TagLib/TagLibCustom.class.php 第 69 行.
INFO: [ template_filter ] --START--
INFO: Run Behavior\ContentReplaceBehavior [ RunTime:0.000136s ]
INFO: [ template_filter ] --END-- [ RunTime:0.000218s ]
SQL: SHOW COLUMNS FROM `think_advert` [ RunTime:0.0008s ]
SQL: SELECT * FROM `think_advert` WHERE ( status=0 ) LIMIT 5   [ RunTime:0.0003s ]
SQL: SHOW COLUMNS FROM `think_column` [ RunTime:0.0014s ]
SQL: SELECT * FROM `think_column` WHERE `id` = 0 LIMIT 1   [ RunTime:0.0003s ]
INFO: Run Behavior\ParseTemplateBehavior [ RunTime:0.013515s ]
INFO: [ view_parse ] --END-- [ RunTime:0.013579s ]
INFO: [ view_filter ] --START--
INFO: Run Behavior\WriteHtmlCacheBehavior [ RunTime:0.000494s ]
INFO: [ view_filter ] --END-- [ RunTime:0.000535s ]
INFO: [ app_end ] --START--
INFO: Run Behavior\ShowPageTraceBehavior [ RunTime:0.000159s ]
INFO: [ app_end ] --END-- [ RunTime:0.000224s ]

[ 2016-07-15T09:59:57+08:00 ] 49.64.149.101 /Home/Index/get_flink
INFO: [ app_init ] --START--
INFO: Run Behavior\BuildLiteBehavior [ RunTime:0.000033s ]
INFO: [ app_init ] --END-- [ RunTime:0.000194s ]
NOTIC: [2] preg_match(): No ending delimiter '/' found /home/wwwroot/cpa88.com/ThinkPHP/Library/Think/Route.class.php 第 58 行.
NOTIC: [2] preg_match(): No ending delimiter '/' found /home/wwwroot/cpa88.com/ThinkPHP/Library/Think/Route.class.php 第 58 行.
INFO: [ app_begin ] --START--
INFO: Run Behavior\ReadHtmlCacheBehavior [ RunTime:0.000380s ]
INFO: Run Behavior\CheckLangBehavior [ RunTime:0.000232s ]
INFO: [ app_begin ] --END-- [ RunTime:0.000763s ]
SQL: SHOW COLUMNS FROM `think_flink` [ RunTime:0.0013s ]
SQL: SELECT `id`,`title`,`description`,`ico`,`uri` FROM `think_flink` WHERE ( status=0 ) ORDER BY sort asc LIMIT 10   [ RunTime:0.0004s ]

[ 2016-07-15T09:59:57+08:00 ] 49.64.149.101 /Home/Index/user_pay.html
INFO: [ app_init ] --START--
INFO: Run Behavior\BuildLiteBehavior [ RunTime:0.000026s ]
INFO: [ app_init ] --END-- [ RunTime:0.000145s ]
NOTIC: [2] preg_match(): No ending delimiter '/' found /home/wwwroot/cpa88.com/ThinkPHP/Library/Think/Route.class.php 第 58 行.
NOTIC: [2] preg_match(): No ending delimiter '/' found /home/wwwroot/cpa88.com/ThinkPHP/Library/Think/Route.class.php 第 58 行.
INFO: [ app_begin ] --START--
INFO: Run Behavior\ReadHtmlCacheBehavior [ RunTime:0.000435s ]
INFO: Run Behavior\CheckLangBehavior [ RunTime:0.000156s ]
INFO: [ app_begin ] --END-- [ RunTime:0.000686s ]

[ 2016-07-15T09:59:57+08:00 ] 49.64.149.101 /Home/Index/is_login.html
INFO: [ app_init ] --START--
INFO: Run Behavior\BuildLiteBehavior [ RunTime:0.000055s ]
INFO: [ app_init ] --END-- [ RunTime:0.000249s ]
NOTIC: [2] preg_match(): No ending delimiter '/' found /home/wwwroot/cpa88.com/ThinkPHP/Library/Think/Route.class.php 第 58 行.
NOTIC: [2] preg_match(): No ending delimiter '/' found /home/wwwroot/cpa88.com/ThinkPHP/Library/Think/Route.class.php 第 58 行.
INFO: [ app_begin ] --START--
INFO: Run Behavior\ReadHtmlCacheBehavior [ RunTime:0.000518s ]
INFO: Run Behavior\CheckLangBehavior [ RunTime:0.000146s ]
INFO: [ app_begin ] --END-- [ RunTime:0.000766s ]

[ 2016-07-15T09:59:57+08:00 ] 49.64.149.101 /Home/Index/lists.html?sz=4&cid=5
INFO: [ app_init ] --START--
INFO: Run Behavior\BuildLiteBehavior [ RunTime:0.000043s ]
INFO: [ app_init ] --END-- [ RunTime:0.000301s ]
NOTIC: [2] preg_match(): No ending delimiter '/' found /home/wwwroot/cpa88.com/ThinkPHP/Library/Think/Route.class.php 第 58 行.
NOTIC: [2] preg_match(): No ending delimiter '/' found /home/wwwroot/cpa88.com/ThinkPHP/Library/Think/Route.class.php 第 58 行.
INFO: [ app_begin ] --START--
INFO: Run Behavior\ReadHtmlCacheBehavior [ RunTime:0.000756s ]
INFO: Run Behavior\CheckLangBehavior [ RunTime:0.000235s ]
INFO: [ app_begin ] --END-- [ RunTime:0.001147s ]
SQL: SHOW COLUMNS FROM `think_article` [ RunTime:0.0034s ]
SQL: SELECT COUNT(*) AS tp_count FROM `think_article` WHERE `status` = 0 AND `cid` IN ('5') LIMIT 1   [ RunTime:0.0006s ]
SQL: SELECT `id`,`title`,`description`,`create_time` FROM `think_article` WHERE `status` = 0 AND `cid` IN ('5') ORDER BY create_time desc LIMIT 0,4   [ RunTime:0.0005s ]
NOTIC: [8] Undefined index: sp /home/wwwroot/cpa88.com/Application/Home/Controller/BaseController.class.php 第 342 行.
NOTIC: [8] Undefined index: sp /home/wwwroot/cpa88.com/Application/Home/Controller/BaseController.class.php 第 342 行.
NOTIC: [8] Undefined index: sp /home/wwwroot/cpa88.com/Application/Home/Controller/BaseController.class.php 第 342 行.
NOTIC: [8] Undefined index: sp /home/wwwroot/cpa88.com/Application/Home/Controller/BaseController.class.php 第 342 行.

[ 2016-07-15T09:59:57+08:00 ] 49.64.149.101 /Home/Index/lists.html?sz=4&cid=4
INFO: [ app_init ] --START--
INFO: Run Behavior\BuildLiteBehavior [ RunTime:0.000035s ]
INFO: [ app_init ] --END-- [ RunTime:0.000201s ]
NOTIC: [2] preg_match(): No ending delimiter '/' found /home/wwwroot/cpa88.com/ThinkPHP/Library/Think/Route.class.php 第 58 行.
NOTIC: [2] preg_match(): No ending delimiter '/' found /home/wwwroot/cpa88.com/ThinkPHP/Library/Think/Route.class.php 第 58 行.
INFO: [ app_begin ] --START--
INFO: Run Behavior\ReadHtmlCacheBehavior [ RunTime:0.000645s ]
INFO: Run Behavior\CheckLangBehavior [ RunTime:0.000254s ]
INFO: [ app_begin ] --END-- [ RunTime:0.001047s ]
SQL: SHOW COLUMNS FROM `think_article` [ RunTime:0.0021s ]
SQL: SELECT COUNT(*) AS tp_count FROM `think_article` WHERE `status` = 0 AND `cid` IN ('4') LIMIT 1   [ RunTime:0.0003s ]
SQL: SELECT `id`,`title`,`description`,`create_time` FROM `think_article` WHERE `status` = 0 AND `cid` IN ('4') ORDER BY create_time desc LIMIT 0,4   [ RunTime:0.0003s ]
NOTIC: [8] Undefined index: sp /home/wwwroot/cpa88.com/Application/Home/Controller/BaseController.class.php 第 342 行.

[ 2016-07-15T09:59:57+08:00 ] 49.64.149.101 /Home/Index/is_login.html
INFO: [ app_init ] --START--
INFO: Run Behavior\BuildLiteBehavior [ RunTime:0.000020s ]
INFO: [ app_init ] --END-- [ RunTime:0.000133s ]
NOTIC: [2] preg_match(): No ending delimiter '/' found /home/wwwroot/cpa88.com/ThinkPHP/Library/Think/Route.class.php 第 58 行.
NOTIC: [2] preg_match(): No ending delimiter '/' found /home/wwwroot/cpa88.com/ThinkPHP/Library/Think/Route.class.php 第 58 行.
INFO: [ app_begin ] --START--
INFO: Run Behavior\ReadHtmlCacheBehavior [ RunTime:0.000325s ]
INFO: Run Behavior\CheckLangBehavior [ RunTime:0.000135s ]
INFO: [ app_begin ] --END-- [ RunTime:0.000598s ]

[ 2016-07-15T09:59:57+08:00 ] 49.64.149.101 /Home/Index/lists.html?sz=5&cid=6
INFO: [ app_init ] --START--
INFO: Run Behavior\BuildLiteBehavior [ RunTime:0.000016s ]
INFO: [ app_init ] --END-- [ RunTime:0.000101s ]
NOTIC: [2] preg_match(): No ending delimiter '/' found /home/wwwroot/cpa88.com/ThinkPHP/Library/Think/Route.class.php 第 58 行.
NOTIC: [2] preg_match(): No ending delimiter '/' found /home/wwwroot/cpa88.com/ThinkPHP/Library/Think/Route.class.php 第 58 行.
INFO: [ app_begin ] --START--
INFO: Run Behavior\ReadHtmlCacheBehavior [ RunTime:0.000638s ]
INFO: Run Behavior\CheckLangBehavior [ RunTime:0.000272s ]
INFO: [ app_begin ] --END-- [ RunTime:0.001034s ]
SQL: SHOW COLUMNS FROM `think_article` [ RunTime:0.0016s ]
SQL: SELECT COUNT(*) AS tp_count FROM `think_article` WHERE `status` = 0 AND `cid` IN ('6') LIMIT 1   [ RunTime:0.0003s ]
SQL: SELECT `id`,`title`,`description`,`create_time` FROM `think_article` WHERE `status` = 0 AND `cid` IN ('6') ORDER BY create_time desc LIMIT 0,5   [ RunTime:0.0003s ]
NOTIC: [8] Undefined index: sp /home/wwwroot/cpa88.com/Application/Home/Controller/BaseController.class.php 第 342 行.
NOTIC: [8] Undefined index: sp /home/wwwroot/cpa88.com/Application/Home/Controller/BaseController.class.php 第 342 行.
NOTIC: [8] Undefined index: sp /home/wwwroot/cpa88.com/Application/Home/Controller/BaseController.class.php 第 342 行.
NOTIC: [8] Undefined index: sp /home/wwwroot/cpa88.com/Application/Home/Controller/BaseController.class.php 第 342 行.
NOTIC: [8] Undefined index: sp /home/wwwroot/cpa88.com/Application/Home/Controller/BaseController.class.php 第 342 行.

[ 2016-07-15T09:59:57+08:00 ] 49.64.149.101 /Home/Index/com_list.html?sz=10
INFO: [ app_init ] --START--
INFO: Run Behavior\BuildLiteBehavior [ RunTime:0.000011s ]
INFO: [ app_init ] --END-- [ RunTime:0.000070s ]
NOTIC: [2] preg_match(): No ending delimiter '/' found /home/wwwroot/cpa88.com/ThinkPHP/Library/Think/Route.class.php 第 58 行.
NOTIC: [2] preg_match(): No ending delimiter '/' found /home/wwwroot/cpa88.com/ThinkPHP/Library/Think/Route.class.php 第 58 行.
INFO: [ app_begin ] --START--
INFO: Run Behavior\ReadHtmlCacheBehavior [ RunTime:0.000429s ]
INFO: Run Behavior\CheckLangBehavior [ RunTime:0.000113s ]
INFO: [ app_begin ] --END-- [ RunTime:0.000605s ]
SQL: SHOW COLUMNS FROM `think_product` [ RunTime:0.0013s ]
SQL: SELECT COUNT(*) AS tp_count FROM `think_product` WHERE `com` LIKE '%1%' AND `status` = 0 LIMIT 1   [ RunTime:0.0004s ]
SQL: SELECT * FROM `think_product` WHERE `com` LIKE '%1%' AND `status` = 0 ORDER BY sort asc,id asc LIMIT 0,10   [ RunTime:0.0009s ]

[ 2016-07-15T09:59:57+08:00 ] 49.64.149.101 /Home/Index/get_kefu
INFO: [ app_init ] --START--
INFO: Run Behavior\BuildLiteBehavior [ RunTime:0.000074s ]
INFO: [ app_init ] --END-- [ RunTime:0.000217s ]
NOTIC: [2] preg_match(): No ending delimiter '/' found /home/wwwroot/cpa88.com/ThinkPHP/Library/Think/Route.class.php 第 58 行.
NOTIC: [2] preg_match(): No ending delimiter '/' found /home/wwwroot/cpa88.com/ThinkPHP/Library/Think/Route.class.php 第 58 行.
INFO: [ app_begin ] --START--
INFO: Run Behavior\ReadHtmlCacheBehavior [ RunTime:0.000365s ]
INFO: Run Behavior\CheckLangBehavior [ RunTime:0.000149s ]
INFO: [ app_begin ] --END-- [ RunTime:0.000601s ]
SQL: SHOW COLUMNS FROM `think_kefu` [ RunTime:0.0017s ]
SQL: SELECT `id`,`name`,`qq` FROM `think_kefu` WHERE ( status=0 ) LIMIT 3   [ RunTime:0.0003s ]

[ 2016-07-15T09:59:57+08:00 ] 49.64.149.101 /Home/Index/lists.html?sz=1&cid=4&sp=250
INFO: [ app_init ] --START--
INFO: Run Behavior\BuildLiteBehavior [ RunTime:0.000053s ]
INFO: [ app_init ] --END-- [ RunTime:0.000172s ]
NOTIC: [2] preg_match(): No ending delimiter '/' found /home/wwwroot/cpa88.com/ThinkPHP/Library/Think/Route.class.php 第 58 行.
NOTIC: [2] preg_match(): No ending delimiter '/' found /home/wwwroot/cpa88.com/ThinkPHP/Library/Think/Route.class.php 第 58 行.
INFO: [ app_begin ] --START--
INFO: Run Behavior\ReadHtmlCacheBehavior [ RunTime:0.000581s ]
INFO: Run Behavior\CheckLangBehavior [ RunTime:0.000175s ]
INFO: [ app_begin ] --END-- [ RunTime:0.000866s ]
SQL: SHOW COLUMNS FROM `think_article` [ RunTime:0.0026s ]
SQL: SELECT `id`,`title`,`description`,`create_time` FROM `think_article` WHERE `status` = 0 AND `cid` IN ('4') ORDER BY create_time desc LIMIT 0,1   [ RunTime:0.0003s ]

[ 2016-07-15T09:59:57+08:00 ] 49.64.149.101 /favicon.ico
INFO: [ app_init ] --START--
INFO: Run Behavior\BuildLiteBehavior [ RunTime:0.000031s ]
INFO: [ app_init ] --END-- [ RunTime:0.000211s ]
NOTIC: [2] preg_match(): No ending delimiter '/' found /home/wwwroot/cpa88.com/ThinkPHP/Library/Think/Route.class.php 第 58 行.
NOTIC: [2] preg_match(): No ending delimiter '/' found /home/wwwroot/cpa88.com/ThinkPHP/Library/Think/Route.class.php 第 58 行.

[ 2016-07-15T09:59:57+08:00 ] 101.226.33.216 /Home/Index/com_list.html?sz=10
INFO: [ app_init ] --START--
INFO: Run Behavior\BuildLiteBehavior [ RunTime:0.000021s ]
INFO: [ app_init ] --END-- [ RunTime:0.000162s ]
NOTIC: [2] preg_match(): No ending delimiter '/' found /home/wwwroot/cpa88.com/ThinkPHP/Library/Think/Route.class.php 第 58 行.
NOTIC: [2] preg_match(): No ending delimiter '/' found /home/wwwroot/cpa88.com/ThinkPHP/Library/Think/Route.class.php 第 58 行.
INFO: [ app_begin ] --START--
INFO: Run Behavior\ReadHtmlCacheBehavior [ RunTime:0.000323s ]
INFO: Run Behavior\CheckLangBehavior [ RunTime:0.000153s ]
INFO: [ app_begin ] --END-- [ RunTime:0.000576s ]
SQL: SHOW COLUMNS FROM `think_product` [ RunTime:0.0012s ]

[ 2016-07-15T09:59:57+08:00 ] 101.226.33.203 /Home/Index/lists.html?sz=5&cid=6
INFO: [ app_init ] --START--
INFO: Run Behavior\BuildLiteBehavior [ RunTime:0.000019s ]
INFO: [ app_init ] --END-- [ RunTime:0.000120s ]
NOTIC: [2] preg_match(): No ending delimiter '/' found /home/wwwroot/cpa88.com/ThinkPHP/Library/Think/Route.class.php 第 58 行.
NOTIC: [2] preg_match(): No ending delimiter '/' found /home/wwwroot/cpa88.com/ThinkPHP/Library/Think/Route.class.php 第 58 行.
INFO: [ app_begin ] --START--
INFO: Run Behavior\ReadHtmlCacheBehavior [ RunTime:0.000281s ]
INFO: Run Behavior\CheckLangBehavior [ RunTime:0.000116s ]
INFO: [ app_begin ] --END-- [ RunTime:0.000486s ]
SQL: SHOW COLUMNS FROM `think_article` [ RunTime:0.0019s ]
NOTIC: [8] Undefined index: sp /home/wwwroot/cpa88.com/Application/Home/Controller/BaseController.class.php 第 342 行.
NOTIC: [8] Undefined index: sp /home/wwwroot/cpa88.com/Application/Home/Controller/BaseController.class.php 第 342 行.
NOTIC: [8] Undefined index: sp /home/wwwroot/cpa88.com/Application/Home/Controller/BaseController.class.php 第 342 行.
NOTIC: [8] Undefined index: sp /home/wwwroot/cpa88.com/Application/Home/Controller/BaseController.class.php 第 342 行.
NOTIC: [8] Undefined index: sp /home/wwwroot/cpa88.com/Application/Home/Controller/BaseController.class.php 第 342 行.

[ 2016-07-15T09:59:57+08:00 ] 101.226.33.217 /Home/Index/lists.html?sz=4&cid=4
INFO: [ app_init ] --START--
INFO: Run Behavior\BuildLiteBehavior [ RunTime:0.000019s ]
INFO: [ app_init ] --END-- [ RunTime:0.000135s ]
NOTIC: [2] preg_match(): No ending delimiter '/' found /home/wwwroot/cpa88.com/ThinkPHP/Library/Think/Route.class.php 第 58 行.
NOTIC: [2] preg_match(): No ending delimiter '/' found /home/wwwroot/cpa88.com/ThinkPHP/Library/Think/Route.class.php 第 58 行.
INFO: [ app_begin ] --START--
INFO: Run Behavior\ReadHtmlCacheBehavior [ RunTime:0.000300s ]
INFO: Run Behavior\CheckLangBehavior [ RunTime:0.000126s ]
INFO: [ app_begin ] --END-- [ RunTime:0.000544s ]
SQL: SHOW COLUMNS FROM `think_article` [ RunTime:0.0016s ]
NOTIC: [8] Undefined index: sp /home/wwwroot/cpa88.com/Application/Home/Controller/BaseController.class.php 第 342 行.

[ 2016-07-15T10:00:04+08:00 ] 101.226.65.102 /Home/Index/lists.html?sz=1&cid=4&sp=250
INFO: [ app_init ] --START--
INFO: Run Behavior\BuildLiteBehavior [ RunTime:0.000038s ]
INFO: [ app_init ] --END-- [ RunTime:0.000313s ]
NOTIC: [2] preg_match(): No ending delimiter '/' found /home/wwwroot/cpa88.com/ThinkPHP/Library/Think/Route.class.php 第 58 行.
NOTIC: [2] preg_match(): No ending delimiter '/' found /home/wwwroot/cpa88.com/ThinkPHP/Library/Think/Route.class.php 第 58 行.
INFO: [ app_begin ] --START--
INFO: Run Behavior\ReadHtmlCacheBehavior [ RunTime:0.000483s ]
INFO: Run Behavior\CheckLangBehavior [ RunTime:0.000128s ]
INFO: [ app_begin ] --END-- [ RunTime:0.000717s ]
SQL: SHOW COLUMNS FROM `think_article` [ RunTime:0.0046s ]

[ 2016-07-15T10:00:06+08:00 ] 180.153.214.190 /Home/Index/get_kefu
INFO: [ app_init ] --START--
INFO: Run Behavior\BuildLiteBehavior [ RunTime:0.000041s ]
INFO: [ app_init ] --END-- [ RunTime:0.000260s ]
NOTIC: [2] preg_match(): No ending delimiter '/' found /home/wwwroot/cpa88.com/ThinkPHP/Library/Think/Route.class.php 第 58 行.
NOTIC: [2] preg_match(): No ending delimiter '/' found /home/wwwroot/cpa88.com/ThinkPHP/Library/Think/Route.class.php 第 58 行.
INFO: [ app_begin ] --START--
INFO: Run Behavior\ReadHtmlCacheBehavior [ RunTime:0.000472s ]
INFO: Run Behavior\CheckLangBehavior [ RunTime:0.000137s ]
INFO: [ app_begin ] --END-- [ RunTime:0.000712s ]
SQL: SHOW COLUMNS FROM `think_kefu` [ RunTime:0.0028s ]
SQL: SELECT `id`,`name`,`qq` FROM `think_kefu` WHERE ( status=0 ) LIMIT 3   [ RunTime:0.0006s ]

[ 2016-07-15T10:00:07+08:00 ] 180.153.206.24 /Home/Index/user_pay.html
INFO: [ app_init ] --START--
INFO: Run Behavior\BuildLiteBehavior [ RunTime:0.000049s ]
INFO: [ app_init ] --END-- [ RunTime:0.000261s ]
NOTIC: [2] preg_match(): No ending delimiter '/' found /home/wwwroot/cpa88.com/ThinkPHP/Library/Think/Route.class.php 第 58 行.
NOTIC: [2] preg_match(): No ending delimiter '/' found /home/wwwroot/cpa88.com/ThinkPHP/Library/Think/Route.class.php 第 58 行.
INFO: [ app_begin ] --START--
INFO: Run Behavior\ReadHtmlCacheBehavior [ RunTime:0.000616s ]
INFO: Run Behavior\CheckLangBehavior [ RunTime:0.000188s ]
INFO: [ app_begin ] --END-- [ RunTime:0.000947s ]

[ 2016-07-15T10:00:07+08:00 ] 180.153.206.24 /Home/Index/lists.html?sz=5&cid=6
INFO: [ app_init ] --START--
INFO: Run Behavior\BuildLiteBehavior [ RunTime:0.000039s ]
INFO: [ app_init ] --END-- [ RunTime:0.000243s ]
NOTIC: [2] preg_match(): No ending delimiter '/' found /home/wwwroot/cpa88.com/ThinkPHP/Library/Think/Route.class.php 第 58 行.
NOTIC: [2] preg_match(): No ending delimiter '/' found /home/wwwroot/cpa88.com/ThinkPHP/Library/Think/Route.class.php 第 58 行.
INFO: [ app_begin ] --START--
INFO: Run Behavior\ReadHtmlCacheBehavior [ RunTime:0.013095s ]
INFO: Run Behavior\CheckLangBehavior [ RunTime:0.000260s ]
INFO: [ app_begin ] --END-- [ RunTime:0.013587s ]
SQL: SHOW COLUMNS FROM `think_article` [ RunTime:0.0040s ]
NOTIC: [8] Undefined index: sp /home/wwwroot/cpa88.com/Application/Home/Controller/BaseController.class.php 第 342 行.
NOTIC: [8] Undefined index: sp /home/wwwroot/cpa88.com/Application/Home/Controller/BaseController.class.php 第 342 行.
NOTIC: [8] Undefined index: sp /home/wwwroot/cpa88.com/Application/Home/Controller/BaseController.class.php 第 342 行.
NOTIC: [8] Undefined index: sp /home/wwwroot/cpa88.com/Application/Home/Controller/BaseController.class.php 第 342 行.
NOTIC: [8] Undefined index: sp /home/wwwroot/cpa88.com/Application/Home/Controller/BaseController.class.php 第 342 行.

[ 2016-07-15T10:00:27+08:00 ] 180.153.163.190 /Home/Index/lists.html?sz=4&cid=4
INFO: [ app_init ] --START--
INFO: Run Behavior\BuildLiteBehavior [ RunTime:0.000041s ]
INFO: [ app_init ] --END-- [ RunTime:0.000331s ]
NOTIC: [2] preg_match(): No ending delimiter '/' found /home/wwwroot/cpa88.com/ThinkPHP/Library/Think/Route.class.php 第 58 行.
NOTIC: [2] preg_match(): No ending delimiter '/' found /home/wwwroot/cpa88.com/ThinkPHP/Library/Think/Route.class.php 第 58 行.
INFO: [ app_begin ] --START--
INFO: Run Behavior\ReadHtmlCacheBehavior [ RunTime:0.000767s ]
INFO: Run Behavior\CheckLangBehavior [ RunTime:0.000162s ]
INFO: [ app_begin ] --END-- [ RunTime:0.001050s ]
SQL: SHOW COLUMNS FROM `think_article` [ RunTime:0.0040s ]
NOTIC: [8] Undefined index: sp /home/wwwroot/cpa88.com/Application/Home/Controller/BaseController.class.php 第 342 行.

[ 2016-07-15T11:03:20+08:00 ] 219.139.129.85 /favicon.ico
INFO: [ app_init ] --START--
INFO: Run Behavior\BuildLiteBehavior [ RunTime:0.000021s ]
INFO: [ app_init ] --END-- [ RunTime:0.000138s ]
NOTIC: [2] preg_match(): No ending delimiter '/' found /home/wwwroot/cpa88.com/ThinkPHP/Library/Think/Route.class.php 第 58 行.
NOTIC: [2] preg_match(): No ending delimiter '/' found /home/wwwroot/cpa88.com/ThinkPHP/Library/Think/Route.class.php 第 58 行.

